2016-04-28 00:50:09 [-][-][-][error][yii\console\Exception] yii\base\InvalidRouteException: Unable to resolve the request: migrate/file in D:\wamp64\www\advanced\vendor\yiisoft\yii2\base\Controller.php:125
Stack trace:
#0 D:\wamp64\www\advanced\vendor\yiisoft\yii2\console\Controller.php(108): yii\base\Controller->runAction('file', Array)
#1 D:\wamp64\www\advanced\vendor\yiisoft\yii2\base\Module.php(454): yii\console\Controller->runAction('file', Array)
#2 D:\wamp64\www\advanced\vendor\yiisoft\yii2\console\Application.php(167): yii\base\Module->runAction('/migrate/file', Array)
#3 D:\wamp64\www\advanced\vendor\yiisoft\yii2\console\Application.php(143): yii\console\Application->runAction('/migrate/file', Array)
#4 D:\wamp64\www\advanced\vendor\yiisoft\yii2\base\Application.php(375): yii\console\Application->handleRequest(Object(yii\console\Request))
#5 D:\wamp64\www\advanced\yii(27): yii\base\Application->run()
#6 {main}

Next yii\console\Exception: Unknown command "/migrate/file". in D:\wamp64\www\advanced\vendor\yiisoft\yii2\console\Application.php:169
Stack trace:
#0 D:\wamp64\www\advanced\vendor\yiisoft\yii2\console\Application.php(143): yii\console\Application->runAction('/migrate/file', Array)
#1 D:\wamp64\www\advanced\vendor\yiisoft\yii2\base\Application.php(375): yii\console\Application->handleRequest(Object(yii\console\Request))
#2 D:\wamp64\www\advanced\yii(27): yii\base\Application->run()
#3 {main}
2016-04-28 00:50:09 [-][-][-][info][application] $_SERVER = [
    'ALLUSERSPROFILE' => 'C:\\ProgramData'
    'AMDAPPSDKROOT' => 'C:\\Program Files (x86)\\AMD APP\\'
    'APPDATA' => 'C:\\Users\\ehsan\\AppData\\Roaming'
    'CommonProgramFiles' => 'C:\\Program Files\\Common Files'
    'CommonProgramFiles(x86)' => 'C:\\Program Files (x86)\\Common Files'
    'CommonProgramW6432' => 'C:\\Program Files\\Common Files'
    'COMPUTERNAME' => 'DESKTOP-GV845QR'
    'ComSpec' => 'C:\\Windows\\system32\\cmd.exe'
    'FPS_BROWSER_APP_PROFILE_STRING' => 'Internet Explorer'
    'FPS_BROWSER_USER_PROFILE_STRING' => 'Default'
    'HOMEDRIVE' => 'C:'
    'HOMEPATH' => '\\Users\\ehsan'
    'LOCALAPPDATA' => 'C:\\Users\\ehsan\\AppData\\Local'
    'LOGONSERVER' => '\\\\DESKTOP-GV845QR'
    'NUMBER_OF_PROCESSORS' => '2'
    'OS' => 'Windows_NT'
    'Path' => 'C:\\Program Files (x86)\\NVIDIA Corporation\\PhysX\\Common;C:\\Program Files (x86)\\AMD APP\\bin\\x86_64;C:\\Program Files (x86)\\AMD APP\\bin\\x86;C:\\Windows\\system32;C:\\Windows;C:\\Windows\\System32\\Wbem;C:\\Windows\\System32\\WindowsPowerShell\\v1.0\\;C:\\Program Files (x86)\\ATI Technologies\\ATI.ACE\\Core-Static;D:\\wamp64\\bin\\php\\php7.0.0\\'
    'PATHEXT' => '.COM;.EXE;.BAT;.CMD;.VBS;.VBE;.JS;.JSE;.WSF;.WSH;.MSC'
    'PHP_COMMAND' => 'php.exe'
    'PROCESSOR_ARCHITECTURE' => 'AMD64'
    'PROCESSOR_IDENTIFIER' => 'AMD64 Family 16 Model 6 Stepping 3, AuthenticAMD'
    'PROCESSOR_LEVEL' => '16'
    'PROCESSOR_REVISION' => '0603'
    'ProgramData' => 'C:\\ProgramData'
    'ProgramFiles' => 'C:\\Program Files'
    'ProgramFiles(x86)' => 'C:\\Program Files (x86)'
    'ProgramW6432' => 'C:\\Program Files'
    'PROMPT' => '$P$G'
    'PSModulePath' => 'C:\\Windows\\system32\\WindowsPowerShell\\v1.0\\Modules\\'
    'PUBLIC' => 'C:\\Users\\Public'
    'SESSIONNAME' => 'Console'
    'SystemDrive' => 'C:'
    'SystemRoot' => 'C:\\Windows'
    'TEMP' => 'C:\\Users\\ehsan\\AppData\\Local\\Temp'
    'TMP' => 'C:\\Users\\ehsan\\AppData\\Local\\Temp'
    'USERDOMAIN' => 'DESKTOP-GV845QR'
    'USERDOMAIN_ROAMINGPROFILE' => 'DESKTOP-GV845QR'
    'USERNAME' => 'ehsan'
    'USERPROFILE' => 'C:\\Users\\ehsan'
    'windir' => 'C:\\Windows'
    'YII_PATH' => 'D:\\wamp64\\www\\advanced\\'
    'PHP_SELF' => 'D:\\wamp64\\www\\advanced\\yii'
    'SCRIPT_NAME' => 'D:\\wamp64\\www\\advanced\\yii'
    'SCRIPT_FILENAME' => 'D:\\wamp64\\www\\advanced\\yii'
    'PATH_TRANSLATED' => 'D:\\wamp64\\www\\advanced\\yii'
    'DOCUMENT_ROOT' => ''
    'REQUEST_TIME_FLOAT' => 1461788409.7587
    'REQUEST_TIME' => 1461788409
    'argv' => [
        0 => 'D:\\wamp64\\www\\advanced\\yii'
        1 => '/migrate/file'
    ]
    'argc' => 2
]
2016-04-28 00:52:29 [-][-][-][error][yii\console\Exception] yii\base\InvalidRouteException: Unable to resolve the request: migrate/upo in D:\wamp64\www\advanced\vendor\yiisoft\yii2\base\Controller.php:125
Stack trace:
#0 D:\wamp64\www\advanced\vendor\yiisoft\yii2\console\Controller.php(108): yii\base\Controller->runAction('upo', Array)
#1 D:\wamp64\www\advanced\vendor\yiisoft\yii2\base\Module.php(454): yii\console\Controller->runAction('upo', Array)
#2 D:\wamp64\www\advanced\vendor\yiisoft\yii2\console\Application.php(167): yii\base\Module->runAction('migrate/upo', Array)
#3 D:\wamp64\www\advanced\vendor\yiisoft\yii2\console\Application.php(143): yii\console\Application->runAction('migrate/upo', Array)
#4 D:\wamp64\www\advanced\vendor\yiisoft\yii2\base\Application.php(375): yii\console\Application->handleRequest(Object(yii\console\Request))
#5 D:\wamp64\www\advanced\yii(27): yii\base\Application->run()
#6 {main}

Next yii\console\Exception: Unknown command "migrate/upo". in D:\wamp64\www\advanced\vendor\yiisoft\yii2\console\Application.php:169
Stack trace:
#0 D:\wamp64\www\advanced\vendor\yiisoft\yii2\console\Application.php(143): yii\console\Application->runAction('migrate/upo', Array)
#1 D:\wamp64\www\advanced\vendor\yiisoft\yii2\base\Application.php(375): yii\console\Application->handleRequest(Object(yii\console\Request))
#2 D:\wamp64\www\advanced\yii(27): yii\base\Application->run()
#3 {main}
2016-04-28 00:52:29 [-][-][-][info][application] $_SERVER = [
    'ALLUSERSPROFILE' => 'C:\\ProgramData'
    'AMDAPPSDKROOT' => 'C:\\Program Files (x86)\\AMD APP\\'
    'APPDATA' => 'C:\\Users\\ehsan\\AppData\\Roaming'
    'CommonProgramFiles' => 'C:\\Program Files\\Common Files'
    'CommonProgramFiles(x86)' => 'C:\\Program Files (x86)\\Common Files'
    'CommonProgramW6432' => 'C:\\Program Files\\Common Files'
    'COMPUTERNAME' => 'DESKTOP-GV845QR'
    'ComSpec' => 'C:\\Windows\\system32\\cmd.exe'
    'FPS_BROWSER_APP_PROFILE_STRING' => 'Internet Explorer'
    'FPS_BROWSER_USER_PROFILE_STRING' => 'Default'
    'HOMEDRIVE' => 'C:'
    'HOMEPATH' => '\\Users\\ehsan'
    'LOCALAPPDATA' => 'C:\\Users\\ehsan\\AppData\\Local'
    'LOGONSERVER' => '\\\\DESKTOP-GV845QR'
    'NUMBER_OF_PROCESSORS' => '2'
    'OS' => 'Windows_NT'
    'Path' => 'C:\\Program Files (x86)\\NVIDIA Corporation\\PhysX\\Common;C:\\Program Files (x86)\\AMD APP\\bin\\x86_64;C:\\Program Files (x86)\\AMD APP\\bin\\x86;C:\\Windows\\system32;C:\\Windows;C:\\Windows\\System32\\Wbem;C:\\Windows\\System32\\WindowsPowerShell\\v1.0\\;C:\\Program Files (x86)\\ATI Technologies\\ATI.ACE\\Core-Static;D:\\wamp64\\bin\\php\\php7.0.0\\'
    'PATHEXT' => '.COM;.EXE;.BAT;.CMD;.VBS;.VBE;.JS;.JSE;.WSF;.WSH;.MSC'
    'PHP_COMMAND' => 'php.exe'
    'PROCESSOR_ARCHITECTURE' => 'AMD64'
    'PROCESSOR_IDENTIFIER' => 'AMD64 Family 16 Model 6 Stepping 3, AuthenticAMD'
    'PROCESSOR_LEVEL' => '16'
    'PROCESSOR_REVISION' => '0603'
    'ProgramData' => 'C:\\ProgramData'
    'ProgramFiles' => 'C:\\Program Files'
    'ProgramFiles(x86)' => 'C:\\Program Files (x86)'
    'ProgramW6432' => 'C:\\Program Files'
    'PROMPT' => '$P$G'
    'PSModulePath' => 'C:\\Windows\\system32\\WindowsPowerShell\\v1.0\\Modules\\'
    'PUBLIC' => 'C:\\Users\\Public'
    'SESSIONNAME' => 'Console'
    'SystemDrive' => 'C:'
    'SystemRoot' => 'C:\\Windows'
    'TEMP' => 'C:\\Users\\ehsan\\AppData\\Local\\Temp'
    'TMP' => 'C:\\Users\\ehsan\\AppData\\Local\\Temp'
    'USERDOMAIN' => 'DESKTOP-GV845QR'
    'USERDOMAIN_ROAMINGPROFILE' => 'DESKTOP-GV845QR'
    'USERNAME' => 'ehsan'
    'USERPROFILE' => 'C:\\Users\\ehsan'
    'windir' => 'C:\\Windows'
    'YII_PATH' => 'D:\\wamp64\\www\\advanced\\'
    'PHP_SELF' => 'D:\\wamp64\\www\\advanced\\yii'
    'SCRIPT_NAME' => 'D:\\wamp64\\www\\advanced\\yii'
    'SCRIPT_FILENAME' => 'D:\\wamp64\\www\\advanced\\yii'
    'PATH_TRANSLATED' => 'D:\\wamp64\\www\\advanced\\yii'
    'DOCUMENT_ROOT' => ''
    'REQUEST_TIME_FLOAT' => 1461788549.0693
    'REQUEST_TIME' => 1461788549
    'argv' => [
        0 => 'D:\\wamp64\\www\\advanced\\yii'
        1 => 'migrate/upo'
    ]
    'argc' => 2
]
2016-04-28 00:53:42 [-][-][-][error][yii\console\Exception] yii\console\Exception: فاقد آرگومان‌های مورد نیاز: name in D:\wamp64\www\advanced\vendor\yiisoft\yii2\console\Controller.php:146
Stack trace:
#0 D:\wamp64\www\advanced\vendor\yiisoft\yii2\base\InlineAction.php(49): yii\console\Controller->bindActionParams(Object(yii\base\InlineAction), Array)
#1 D:\wamp64\www\advanced\vendor\yiisoft\yii2\base\Controller.php(154): yii\base\InlineAction->runWithParams(Array)
#2 D:\wamp64\www\advanced\vendor\yiisoft\yii2\console\Controller.php(108): yii\base\Controller->runAction('create', Array)
#3 D:\wamp64\www\advanced\vendor\yiisoft\yii2\base\Module.php(454): yii\console\Controller->runAction('create', Array)
#4 D:\wamp64\www\advanced\vendor\yiisoft\yii2\console\Application.php(167): yii\base\Module->runAction('migrate/create', Array)
#5 D:\wamp64\www\advanced\vendor\yiisoft\yii2\console\Application.php(143): yii\console\Application->runAction('migrate/create', Array)
#6 D:\wamp64\www\advanced\vendor\yiisoft\yii2\base\Application.php(375): yii\console\Application->handleRequest(Object(yii\console\Request))
#7 D:\wamp64\www\advanced\yii(27): yii\base\Application->run()
#8 {main}
2016-04-28 00:53:42 [-][-][-][info][application] $_SERVER = [
    'ALLUSERSPROFILE' => 'C:\\ProgramData'
    'AMDAPPSDKROOT' => 'C:\\Program Files (x86)\\AMD APP\\'
    'APPDATA' => 'C:\\Users\\ehsan\\AppData\\Roaming'
    'CommonProgramFiles' => 'C:\\Program Files\\Common Files'
    'CommonProgramFiles(x86)' => 'C:\\Program Files (x86)\\Common Files'
    'CommonProgramW6432' => 'C:\\Program Files\\Common Files'
    'COMPUTERNAME' => 'DESKTOP-GV845QR'
    'ComSpec' => 'C:\\Windows\\system32\\cmd.exe'
    'FPS_BROWSER_APP_PROFILE_STRING' => 'Internet Explorer'
    'FPS_BROWSER_USER_PROFILE_STRING' => 'Default'
    'HOMEDRIVE' => 'C:'
    'HOMEPATH' => '\\Users\\ehsan'
    'LOCALAPPDATA' => 'C:\\Users\\ehsan\\AppData\\Local'
    'LOGONSERVER' => '\\\\DESKTOP-GV845QR'
    'NUMBER_OF_PROCESSORS' => '2'
    'OS' => 'Windows_NT'
    'Path' => 'C:\\Program Files (x86)\\NVIDIA Corporation\\PhysX\\Common;C:\\Program Files (x86)\\AMD APP\\bin\\x86_64;C:\\Program Files (x86)\\AMD APP\\bin\\x86;C:\\Windows\\system32;C:\\Windows;C:\\Windows\\System32\\Wbem;C:\\Windows\\System32\\WindowsPowerShell\\v1.0\\;C:\\Program Files (x86)\\ATI Technologies\\ATI.ACE\\Core-Static;D:\\wamp64\\bin\\php\\php7.0.0\\'
    'PATHEXT' => '.COM;.EXE;.BAT;.CMD;.VBS;.VBE;.JS;.JSE;.WSF;.WSH;.MSC'
    'PHP_COMMAND' => 'php.exe'
    'PROCESSOR_ARCHITECTURE' => 'AMD64'
    'PROCESSOR_IDENTIFIER' => 'AMD64 Family 16 Model 6 Stepping 3, AuthenticAMD'
    'PROCESSOR_LEVEL' => '16'
    'PROCESSOR_REVISION' => '0603'
    'ProgramData' => 'C:\\ProgramData'
    'ProgramFiles' => 'C:\\Program Files'
    'ProgramFiles(x86)' => 'C:\\Program Files (x86)'
    'ProgramW6432' => 'C:\\Program Files'
    'PROMPT' => '$P$G'
    'PSModulePath' => 'C:\\Windows\\system32\\WindowsPowerShell\\v1.0\\Modules\\'
    'PUBLIC' => 'C:\\Users\\Public'
    'SESSIONNAME' => 'Console'
    'SystemDrive' => 'C:'
    'SystemRoot' => 'C:\\Windows'
    'TEMP' => 'C:\\Users\\ehsan\\AppData\\Local\\Temp'
    'TMP' => 'C:\\Users\\ehsan\\AppData\\Local\\Temp'
    'USERDOMAIN' => 'DESKTOP-GV845QR'
    'USERDOMAIN_ROAMINGPROFILE' => 'DESKTOP-GV845QR'
    'USERNAME' => 'ehsan'
    'USERPROFILE' => 'C:\\Users\\ehsan'
    'windir' => 'C:\\Windows'
    'YII_PATH' => 'D:\\wamp64\\www\\advanced\\'
    'PHP_SELF' => 'D:\\wamp64\\www\\advanced\\yii'
    'SCRIPT_NAME' => 'D:\\wamp64\\www\\advanced\\yii'
    'SCRIPT_FILENAME' => 'D:\\wamp64\\www\\advanced\\yii'
    'PATH_TRANSLATED' => 'D:\\wamp64\\www\\advanced\\yii'
    'DOCUMENT_ROOT' => ''
    'REQUEST_TIME_FLOAT' => 1461788622.5161
    'REQUEST_TIME' => 1461788622
    'argv' => [
        0 => 'D:\\wamp64\\www\\advanced\\yii'
        1 => 'migrate/create'
    ]
    'argc' => 2
]
2016-05-06 14:03:26 [-][-][-][error][yii\console\Exception] yii\base\InvalidRouteException: Unable to resolve the request "migrate\up". in D:\wamp64\www\advanced\vendor\yiisoft\yii2\base\Module.php:460
Stack trace:
#0 D:\wamp64\www\advanced\vendor\yiisoft\yii2\console\Application.php(167): yii\base\Module->runAction('migrate\\up', Array)
#1 D:\wamp64\www\advanced\vendor\yiisoft\yii2\console\Application.php(143): yii\console\Application->runAction('migrate\\up', Array)
#2 D:\wamp64\www\advanced\vendor\yiisoft\yii2\base\Application.php(375): yii\console\Application->handleRequest(Object(yii\console\Request))
#3 D:\wamp64\www\advanced\yii(27): yii\base\Application->run()
#4 {main}

Next yii\console\Exception: Unknown command "migrate\up". in D:\wamp64\www\advanced\vendor\yiisoft\yii2\console\Application.php:169
Stack trace:
#0 D:\wamp64\www\advanced\vendor\yiisoft\yii2\console\Application.php(143): yii\console\Application->runAction('migrate\\up', Array)
#1 D:\wamp64\www\advanced\vendor\yiisoft\yii2\base\Application.php(375): yii\console\Application->handleRequest(Object(yii\console\Request))
#2 D:\wamp64\www\advanced\yii(27): yii\base\Application->run()
#3 {main}
2016-05-06 14:03:25 [-][-][-][info][application] $_SERVER = [
    'ALLUSERSPROFILE' => 'C:\\ProgramData'
    'AMDAPPSDKROOT' => 'C:\\Program Files (x86)\\AMD APP\\'
    'APPDATA' => 'C:\\Users\\ehsan\\AppData\\Roaming'
    'CommonProgramFiles' => 'C:\\Program Files\\Common Files'
    'CommonProgramFiles(x86)' => 'C:\\Program Files (x86)\\Common Files'
    'CommonProgramW6432' => 'C:\\Program Files\\Common Files'
    'COMPUTERNAME' => 'DESKTOP-GV845QR'
    'ComSpec' => 'C:\\Windows\\system32\\cmd.exe'
    'FPS_BROWSER_APP_PROFILE_STRING' => 'Internet Explorer'
    'FPS_BROWSER_USER_PROFILE_STRING' => 'Default'
    'HOMEDRIVE' => 'C:'
    'HOMEPATH' => '\\Users\\ehsan'
    'LOCALAPPDATA' => 'C:\\Users\\ehsan\\AppData\\Local'
    'LOGONSERVER' => '\\\\DESKTOP-GV845QR'
    'NUMBER_OF_PROCESSORS' => '2'
    'OS' => 'Windows_NT'
    'Path' => 'C:\\Program Files (x86)\\NVIDIA Corporation\\PhysX\\Common;C:\\Program Files (x86)\\AMD APP\\bin\\x86_64;C:\\Program Files (x86)\\AMD APP\\bin\\x86;C:\\Windows\\system32;C:\\Windows;C:\\Windows\\System32\\Wbem;C:\\Windows\\System32\\WindowsPowerShell\\v1.0\\;C:\\Program Files (x86)\\ATI Technologies\\ATI.ACE\\Core-Static;D:\\wamp64\\bin\\php\\php7.0.0\\'
    'PATHEXT' => '.COM;.EXE;.BAT;.CMD;.VBS;.VBE;.JS;.JSE;.WSF;.WSH;.MSC'
    'PHP_COMMAND' => 'php.exe'
    'PROCESSOR_ARCHITECTURE' => 'AMD64'
    'PROCESSOR_IDENTIFIER' => 'AMD64 Family 16 Model 6 Stepping 3, AuthenticAMD'
    'PROCESSOR_LEVEL' => '16'
    'PROCESSOR_REVISION' => '0603'
    'ProgramData' => 'C:\\ProgramData'
    'ProgramFiles' => 'C:\\Program Files'
    'ProgramFiles(x86)' => 'C:\\Program Files (x86)'
    'ProgramW6432' => 'C:\\Program Files'
    'PROMPT' => '$P$G'
    'PSModulePath' => 'C:\\Windows\\system32\\WindowsPowerShell\\v1.0\\Modules\\'
    'PUBLIC' => 'C:\\Users\\Public'
    'SESSIONNAME' => 'Console'
    'SystemDrive' => 'C:'
    'SystemRoot' => 'C:\\Windows'
    'TEMP' => 'C:\\Users\\ehsan\\AppData\\Local\\Temp'
    'TMP' => 'C:\\Users\\ehsan\\AppData\\Local\\Temp'
    'USERDOMAIN' => 'DESKTOP-GV845QR'
    'USERDOMAIN_ROAMINGPROFILE' => 'DESKTOP-GV845QR'
    'USERNAME' => 'ehsan'
    'USERPROFILE' => 'C:\\Users\\ehsan'
    'windir' => 'C:\\Windows'
    'YII_PATH' => 'D:\\wamp64\\www\\advanced\\'
    'PHP_SELF' => 'D:\\wamp64\\www\\advanced\\yii'
    'SCRIPT_NAME' => 'D:\\wamp64\\www\\advanced\\yii'
    'SCRIPT_FILENAME' => 'D:\\wamp64\\www\\advanced\\yii'
    'PATH_TRANSLATED' => 'D:\\wamp64\\www\\advanced\\yii'
    'DOCUMENT_ROOT' => ''
    'REQUEST_TIME_FLOAT' => 1462527205.7504
    'REQUEST_TIME' => 1462527205
    'argv' => [
        0 => 'D:\\wamp64\\www\\advanced\\yii'
        1 => 'migrate\\up'
    ]
    'argc' => 2
]
2016-05-22 19:12:27 [-][-][-][error][yii\console\Exception] yii\base\InvalidRouteException: Unable to resolve the request "migrate\add". in D:\wamp64\www\advanced\vendor\yiisoft\yii2\base\Module.php:460
Stack trace:
#0 D:\wamp64\www\advanced\vendor\yiisoft\yii2\console\Application.php(167): yii\base\Module->runAction('migrate\\add', Array)
#1 D:\wamp64\www\advanced\vendor\yiisoft\yii2\console\Application.php(143): yii\console\Application->runAction('migrate\\add', Array)
#2 D:\wamp64\www\advanced\vendor\yiisoft\yii2\base\Application.php(375): yii\console\Application->handleRequest(Object(yii\console\Request))
#3 D:\wamp64\www\advanced\yii(27): yii\base\Application->run()
#4 {main}

Next yii\console\Exception: Unknown command "migrate\add". in D:\wamp64\www\advanced\vendor\yiisoft\yii2\console\Application.php:169
Stack trace:
#0 D:\wamp64\www\advanced\vendor\yiisoft\yii2\console\Application.php(143): yii\console\Application->runAction('migrate\\add', Array)
#1 D:\wamp64\www\advanced\vendor\yiisoft\yii2\base\Application.php(375): yii\console\Application->handleRequest(Object(yii\console\Request))
#2 D:\wamp64\www\advanced\yii(27): yii\base\Application->run()
#3 {main}
2016-05-22 19:12:27 [-][-][-][info][application] $_SERVER = [
    'ALLUSERSPROFILE' => 'C:\\ProgramData'
    'AMDAPPSDKROOT' => 'C:\\Program Files (x86)\\AMD APP\\'
    'APPDATA' => 'C:\\Users\\ehsan\\AppData\\Roaming'
    'BuildLab' => '10240.th1_st1.160408-1853'
    'BuildLabEx' => '10240.16841.amd64fre.th1_st1.160408-1853'
    'CommonProgramFiles' => 'C:\\Program Files\\Common Files'
    'CommonProgramFiles(x86)' => 'C:\\Program Files (x86)\\Common Files'
    'CommonProgramW6432' => 'C:\\Program Files\\Common Files'
    'COMPUTERNAME' => 'DESKTOP-GV845QR'
    'ComSpec' => 'C:\\Windows\\system32\\cmd.exe'
    'HOMEDRIVE' => 'C:'
    'HOMEPATH' => '\\Users\\ehsan'
    'LOCALAPPDATA' => 'C:\\Users\\ehsan\\AppData\\Local'
    'LOGONSERVER' => '\\\\DESKTOP-GV845QR'
    'NUMBER_OF_PROCESSORS' => '2'
    'OS' => 'Windows_NT'
    'Path' => 'C:\\Program Files (x86)\\NVIDIA Corporation\\PhysX\\Common;C:\\Program Files (x86)\\AMD APP\\bin\\x86_64;C:\\Program Files (x86)\\AMD APP\\bin\\x86;C:\\Windows\\system32;C:\\Windows;C:\\Windows\\System32\\Wbem;C:\\Windows\\System32\\WindowsPowerShell\\v1.0\\;C:\\Program Files (x86)\\ATI Technologies\\ATI.ACE\\Core-Static;D:\\wamp64\\bin\\php\\php7.0.0\\'
    'PATHEXT' => '.COM;.EXE;.BAT;.CMD;.VBS;.VBE;.JS;.JSE;.WSF;.WSH;.MSC'
    'PHP_COMMAND' => 'php.exe'
    'PROCESSOR_ARCHITECTURE' => 'AMD64'
    'PROCESSOR_IDENTIFIER' => 'AMD64 Family 16 Model 6 Stepping 3, AuthenticAMD'
    'PROCESSOR_LEVEL' => '16'
    'PROCESSOR_REVISION' => '0603'
    'ProgramData' => 'C:\\ProgramData'
    'ProgramFiles' => 'C:\\Program Files'
    'ProgramFiles(x86)' => 'C:\\Program Files (x86)'
    'ProgramW6432' => 'C:\\Program Files'
    'PROMPT' => '$P$G'
    'PSModulePath' => 'C:\\Windows\\system32\\WindowsPowerShell\\v1.0\\Modules\\'
    'PUBLIC' => 'C:\\Users\\Public'
    'SystemDrive' => 'C:'
    'SystemRoot' => 'C:\\Windows'
    'TEMP' => 'C:\\Users\\ehsan\\AppData\\Local\\Temp'
    'TMP' => 'C:\\Users\\ehsan\\AppData\\Local\\Temp'
    'USERDOMAIN' => 'DESKTOP-GV845QR'
    'USERDOMAIN_ROAMINGPROFILE' => 'DESKTOP-GV845QR'
    'USERNAME' => 'ehsan'
    'USERPROFILE' => 'C:\\Users\\ehsan'
    'windir' => 'C:\\Windows'
    'YII_PATH' => 'D:\\wamp64\\www\\advanced\\'
    'PHP_SELF' => 'D:\\wamp64\\www\\advanced\\yii'
    'SCRIPT_NAME' => 'D:\\wamp64\\www\\advanced\\yii'
    'SCRIPT_FILENAME' => 'D:\\wamp64\\www\\advanced\\yii'
    'PATH_TRANSLATED' => 'D:\\wamp64\\www\\advanced\\yii'
    'DOCUMENT_ROOT' => ''
    'REQUEST_TIME_FLOAT' => 1463928147.8064
    'REQUEST_TIME' => 1463928147
    'argv' => [
        0 => 'D:\\wamp64\\www\\advanced\\yii'
        1 => 'migrate\\add'
        2 => 'setting'
    ]
    'argc' => 3
]
2016-05-22 19:12:33 [-][-][-][error][yii\console\Exception] yii\base\InvalidRouteException: Unable to resolve the request: migrate/add in D:\wamp64\www\advanced\vendor\yiisoft\yii2\base\Controller.php:125
Stack trace:
#0 D:\wamp64\www\advanced\vendor\yiisoft\yii2\console\Controller.php(108): yii\base\Controller->runAction('add', Array)
#1 D:\wamp64\www\advanced\vendor\yiisoft\yii2\base\Module.php(454): yii\console\Controller->runAction('add', Array)
#2 D:\wamp64\www\advanced\vendor\yiisoft\yii2\console\Application.php(167): yii\base\Module->runAction('migrate/add', Array)
#3 D:\wamp64\www\advanced\vendor\yiisoft\yii2\console\Application.php(143): yii\console\Application->runAction('migrate/add', Array)
#4 D:\wamp64\www\advanced\vendor\yiisoft\yii2\base\Application.php(375): yii\console\Application->handleRequest(Object(yii\console\Request))
#5 D:\wamp64\www\advanced\yii(27): yii\base\Application->run()
#6 {main}

Next yii\console\Exception: Unknown command "migrate/add". in D:\wamp64\www\advanced\vendor\yiisoft\yii2\console\Application.php:169
Stack trace:
#0 D:\wamp64\www\advanced\vendor\yiisoft\yii2\console\Application.php(143): yii\console\Application->runAction('migrate/add', Array)
#1 D:\wamp64\www\advanced\vendor\yiisoft\yii2\base\Application.php(375): yii\console\Application->handleRequest(Object(yii\console\Request))
#2 D:\wamp64\www\advanced\yii(27): yii\base\Application->run()
#3 {main}
2016-05-22 19:12:33 [-][-][-][info][application] $_SERVER = [
    'ALLUSERSPROFILE' => 'C:\\ProgramData'
    'AMDAPPSDKROOT' => 'C:\\Program Files (x86)\\AMD APP\\'
    'APPDATA' => 'C:\\Users\\ehsan\\AppData\\Roaming'
    'BuildLab' => '10240.th1_st1.160408-1853'
    'BuildLabEx' => '10240.16841.amd64fre.th1_st1.160408-1853'
    'CommonProgramFiles' => 'C:\\Program Files\\Common Files'
    'CommonProgramFiles(x86)' => 'C:\\Program Files (x86)\\Common Files'
    'CommonProgramW6432' => 'C:\\Program Files\\Common Files'
    'COMPUTERNAME' => 'DESKTOP-GV845QR'
    'ComSpec' => 'C:\\Windows\\system32\\cmd.exe'
    'HOMEDRIVE' => 'C:'
    'HOMEPATH' => '\\Users\\ehsan'
    'LOCALAPPDATA' => 'C:\\Users\\ehsan\\AppData\\Local'
    'LOGONSERVER' => '\\\\DESKTOP-GV845QR'
    'NUMBER_OF_PROCESSORS' => '2'
    'OS' => 'Windows_NT'
    'Path' => 'C:\\Program Files (x86)\\NVIDIA Corporation\\PhysX\\Common;C:\\Program Files (x86)\\AMD APP\\bin\\x86_64;C:\\Program Files (x86)\\AMD APP\\bin\\x86;C:\\Windows\\system32;C:\\Windows;C:\\Windows\\System32\\Wbem;C:\\Windows\\System32\\WindowsPowerShell\\v1.0\\;C:\\Program Files (x86)\\ATI Technologies\\ATI.ACE\\Core-Static;D:\\wamp64\\bin\\php\\php7.0.0\\'
    'PATHEXT' => '.COM;.EXE;.BAT;.CMD;.VBS;.VBE;.JS;.JSE;.WSF;.WSH;.MSC'
    'PHP_COMMAND' => 'php.exe'
    'PROCESSOR_ARCHITECTURE' => 'AMD64'
    'PROCESSOR_IDENTIFIER' => 'AMD64 Family 16 Model 6 Stepping 3, AuthenticAMD'
    'PROCESSOR_LEVEL' => '16'
    'PROCESSOR_REVISION' => '0603'
    'ProgramData' => 'C:\\ProgramData'
    'ProgramFiles' => 'C:\\Program Files'
    'ProgramFiles(x86)' => 'C:\\Program Files (x86)'
    'ProgramW6432' => 'C:\\Program Files'
    'PROMPT' => '$P$G'
    'PSModulePath' => 'C:\\Windows\\system32\\WindowsPowerShell\\v1.0\\Modules\\'
    'PUBLIC' => 'C:\\Users\\Public'
    'SystemDrive' => 'C:'
    'SystemRoot' => 'C:\\Windows'
    'TEMP' => 'C:\\Users\\ehsan\\AppData\\Local\\Temp'
    'TMP' => 'C:\\Users\\ehsan\\AppData\\Local\\Temp'
    'USERDOMAIN' => 'DESKTOP-GV845QR'
    'USERDOMAIN_ROAMINGPROFILE' => 'DESKTOP-GV845QR'
    'USERNAME' => 'ehsan'
    'USERPROFILE' => 'C:\\Users\\ehsan'
    'windir' => 'C:\\Windows'
    'YII_PATH' => 'D:\\wamp64\\www\\advanced\\'
    'PHP_SELF' => 'D:\\wamp64\\www\\advanced\\yii'
    'SCRIPT_NAME' => 'D:\\wamp64\\www\\advanced\\yii'
    'SCRIPT_FILENAME' => 'D:\\wamp64\\www\\advanced\\yii'
    'PATH_TRANSLATED' => 'D:\\wamp64\\www\\advanced\\yii'
    'DOCUMENT_ROOT' => ''
    'REQUEST_TIME_FLOAT' => 1463928153.4415
    'REQUEST_TIME' => 1463928153
    'argv' => [
        0 => 'D:\\wamp64\\www\\advanced\\yii'
        1 => 'migrate/add'
        2 => 'setting'
    ]
    'argc' => 3
]
2016-06-01 00:03:46 [-][-][-][error][yii\console\Exception] yii\base\InvalidRouteException: Unable to resolve the request "migrate\up". in D:\wamp64\www\advanced\vendor\yiisoft\yii2\base\Module.php:460
Stack trace:
#0 D:\wamp64\www\advanced\vendor\yiisoft\yii2\console\Application.php(167): yii\base\Module->runAction('migrate\\up', Array)
#1 D:\wamp64\www\advanced\vendor\yiisoft\yii2\console\Application.php(143): yii\console\Application->runAction('migrate\\up', Array)
#2 D:\wamp64\www\advanced\vendor\yiisoft\yii2\base\Application.php(375): yii\console\Application->handleRequest(Object(yii\console\Request))
#3 D:\wamp64\www\advanced\yii(27): yii\base\Application->run()
#4 {main}

Next yii\console\Exception: Unknown command "migrate\up". in D:\wamp64\www\advanced\vendor\yiisoft\yii2\console\Application.php:169
Stack trace:
#0 D:\wamp64\www\advanced\vendor\yiisoft\yii2\console\Application.php(143): yii\console\Application->runAction('migrate\\up', Array)
#1 D:\wamp64\www\advanced\vendor\yiisoft\yii2\base\Application.php(375): yii\console\Application->handleRequest(Object(yii\console\Request))
#2 D:\wamp64\www\advanced\yii(27): yii\base\Application->run()
#3 {main}
2016-06-01 00:03:46 [-][-][-][info][application] $_SERVER = [
    'ALLUSERSPROFILE' => 'C:\\ProgramData'
    'AMDAPPSDKROOT' => 'C:\\Program Files (x86)\\AMD APP\\'
    'APPDATA' => 'C:\\Users\\ehsan\\AppData\\Roaming'
    'CommonProgramFiles' => 'C:\\Program Files\\Common Files'
    'CommonProgramFiles(x86)' => 'C:\\Program Files (x86)\\Common Files'
    'CommonProgramW6432' => 'C:\\Program Files\\Common Files'
    'COMPUTERNAME' => 'DESKTOP-GV845QR'
    'ComSpec' => 'C:\\Windows\\system32\\cmd.exe'
    'FPS_BROWSER_APP_PROFILE_STRING' => 'Internet Explorer'
    'FPS_BROWSER_USER_PROFILE_STRING' => 'Default'
    'HOMEDRIVE' => 'C:'
    'HOMEPATH' => '\\Users\\ehsan'
    'LOCALAPPDATA' => 'C:\\Users\\ehsan\\AppData\\Local'
    'LOGONSERVER' => '\\\\DESKTOP-GV845QR'
    'NUMBER_OF_PROCESSORS' => '2'
    'OS' => 'Windows_NT'
    'Path' => 'C:\\Program Files (x86)\\NVIDIA Corporation\\PhysX\\Common;C:\\Program Files (x86)\\AMD APP\\bin\\x86_64;C:\\Program Files (x86)\\AMD APP\\bin\\x86;C:\\Windows\\system32;C:\\Windows;C:\\Windows\\System32\\Wbem;C:\\Windows\\System32\\WindowsPowerShell\\v1.0\\;C:\\Program Files (x86)\\ATI Technologies\\ATI.ACE\\Core-Static;D:\\wamp64\\bin\\php\\php7.0.0\\'
    'PATHEXT' => '.COM;.EXE;.BAT;.CMD;.VBS;.VBE;.JS;.JSE;.WSF;.WSH;.MSC'
    'PHP_COMMAND' => 'php.exe'
    'PROCESSOR_ARCHITECTURE' => 'AMD64'
    'PROCESSOR_IDENTIFIER' => 'AMD64 Family 16 Model 6 Stepping 3, AuthenticAMD'
    'PROCESSOR_LEVEL' => '16'
    'PROCESSOR_REVISION' => '0603'
    'ProgramData' => 'C:\\ProgramData'
    'ProgramFiles' => 'C:\\Program Files'
    'ProgramFiles(x86)' => 'C:\\Program Files (x86)'
    'ProgramW6432' => 'C:\\Program Files'
    'PROMPT' => '$P$G'
    'PSModulePath' => 'C:\\Windows\\system32\\WindowsPowerShell\\v1.0\\Modules\\'
    'PUBLIC' => 'C:\\Users\\Public'
    'SESSIONNAME' => 'Console'
    'SystemDrive' => 'C:'
    'SystemRoot' => 'C:\\Windows'
    'TEMP' => 'C:\\Users\\ehsan\\AppData\\Local\\Temp'
    'TMP' => 'C:\\Users\\ehsan\\AppData\\Local\\Temp'
    'USERDOMAIN' => 'DESKTOP-GV845QR'
    'USERDOMAIN_ROAMINGPROFILE' => 'DESKTOP-GV845QR'
    'USERNAME' => 'ehsan'
    'USERPROFILE' => 'C:\\Users\\ehsan'
    'windir' => 'C:\\Windows'
    'YII_PATH' => 'D:\\wamp64\\www\\advanced\\'
    'PHP_SELF' => 'D:\\wamp64\\www\\advanced\\yii'
    'SCRIPT_NAME' => 'D:\\wamp64\\www\\advanced\\yii'
    'SCRIPT_FILENAME' => 'D:\\wamp64\\www\\advanced\\yii'
    'PATH_TRANSLATED' => 'D:\\wamp64\\www\\advanced\\yii'
    'DOCUMENT_ROOT' => ''
    'REQUEST_TIME_FLOAT' => 1464723226.2502
    'REQUEST_TIME' => 1464723226
    'argv' => [
        0 => 'D:\\wamp64\\www\\advanced\\yii'
        1 => 'migrate\\up'
    ]
    'argc' => 2
]
2016-06-01 00:03:50 [-][-][-][error][yii\console\Exception] yii\base\InvalidRouteException: Unable to resolve the request: migrate/uo in D:\wamp64\www\advanced\vendor\yiisoft\yii2\base\Controller.php:125
Stack trace:
#0 D:\wamp64\www\advanced\vendor\yiisoft\yii2\console\Controller.php(108): yii\base\Controller->runAction('uo', Array)
#1 D:\wamp64\www\advanced\vendor\yiisoft\yii2\base\Module.php(454): yii\console\Controller->runAction('uo', Array)
#2 D:\wamp64\www\advanced\vendor\yiisoft\yii2\console\Application.php(167): yii\base\Module->runAction('migrate/uo', Array)
#3 D:\wamp64\www\advanced\vendor\yiisoft\yii2\console\Application.php(143): yii\console\Application->runAction('migrate/uo', Array)
#4 D:\wamp64\www\advanced\vendor\yiisoft\yii2\base\Application.php(375): yii\console\Application->handleRequest(Object(yii\console\Request))
#5 D:\wamp64\www\advanced\yii(27): yii\base\Application->run()
#6 {main}

Next yii\console\Exception: Unknown command "migrate/uo". in D:\wamp64\www\advanced\vendor\yiisoft\yii2\console\Application.php:169
Stack trace:
#0 D:\wamp64\www\advanced\vendor\yiisoft\yii2\console\Application.php(143): yii\console\Application->runAction('migrate/uo', Array)
#1 D:\wamp64\www\advanced\vendor\yiisoft\yii2\base\Application.php(375): yii\console\Application->handleRequest(Object(yii\console\Request))
#2 D:\wamp64\www\advanced\yii(27): yii\base\Application->run()
#3 {main}
2016-06-01 00:03:50 [-][-][-][info][application] $_SERVER = [
    'ALLUSERSPROFILE' => 'C:\\ProgramData'
    'AMDAPPSDKROOT' => 'C:\\Program Files (x86)\\AMD APP\\'
    'APPDATA' => 'C:\\Users\\ehsan\\AppData\\Roaming'
    'CommonProgramFiles' => 'C:\\Program Files\\Common Files'
    'CommonProgramFiles(x86)' => 'C:\\Program Files (x86)\\Common Files'
    'CommonProgramW6432' => 'C:\\Program Files\\Common Files'
    'COMPUTERNAME' => 'DESKTOP-GV845QR'
    'ComSpec' => 'C:\\Windows\\system32\\cmd.exe'
    'FPS_BROWSER_APP_PROFILE_STRING' => 'Internet Explorer'
    'FPS_BROWSER_USER_PROFILE_STRING' => 'Default'
    'HOMEDRIVE' => 'C:'
    'HOMEPATH' => '\\Users\\ehsan'
    'LOCALAPPDATA' => 'C:\\Users\\ehsan\\AppData\\Local'
    'LOGONSERVER' => '\\\\DESKTOP-GV845QR'
    'NUMBER_OF_PROCESSORS' => '2'
    'OS' => 'Windows_NT'
    'Path' => 'C:\\Program Files (x86)\\NVIDIA Corporation\\PhysX\\Common;C:\\Program Files (x86)\\AMD APP\\bin\\x86_64;C:\\Program Files (x86)\\AMD APP\\bin\\x86;C:\\Windows\\system32;C:\\Windows;C:\\Windows\\System32\\Wbem;C:\\Windows\\System32\\WindowsPowerShell\\v1.0\\;C:\\Program Files (x86)\\ATI Technologies\\ATI.ACE\\Core-Static;D:\\wamp64\\bin\\php\\php7.0.0\\'
    'PATHEXT' => '.COM;.EXE;.BAT;.CMD;.VBS;.VBE;.JS;.JSE;.WSF;.WSH;.MSC'
    'PHP_COMMAND' => 'php.exe'
    'PROCESSOR_ARCHITECTURE' => 'AMD64'
    'PROCESSOR_IDENTIFIER' => 'AMD64 Family 16 Model 6 Stepping 3, AuthenticAMD'
    'PROCESSOR_LEVEL' => '16'
    'PROCESSOR_REVISION' => '0603'
    'ProgramData' => 'C:\\ProgramData'
    'ProgramFiles' => 'C:\\Program Files'
    'ProgramFiles(x86)' => 'C:\\Program Files (x86)'
    'ProgramW6432' => 'C:\\Program Files'
    'PROMPT' => '$P$G'
    'PSModulePath' => 'C:\\Windows\\system32\\WindowsPowerShell\\v1.0\\Modules\\'
    'PUBLIC' => 'C:\\Users\\Public'
    'SESSIONNAME' => 'Console'
    'SystemDrive' => 'C:'
    'SystemRoot' => 'C:\\Windows'
    'TEMP' => 'C:\\Users\\ehsan\\AppData\\Local\\Temp'
    'TMP' => 'C:\\Users\\ehsan\\AppData\\Local\\Temp'
    'USERDOMAIN' => 'DESKTOP-GV845QR'
    'USERDOMAIN_ROAMINGPROFILE' => 'DESKTOP-GV845QR'
    'USERNAME' => 'ehsan'
    'USERPROFILE' => 'C:\\Users\\ehsan'
    'windir' => 'C:\\Windows'
    'YII_PATH' => 'D:\\wamp64\\www\\advanced\\'
    'PHP_SELF' => 'D:\\wamp64\\www\\advanced\\yii'
    'SCRIPT_NAME' => 'D:\\wamp64\\www\\advanced\\yii'
    'SCRIPT_FILENAME' => 'D:\\wamp64\\www\\advanced\\yii'
    'PATH_TRANSLATED' => 'D:\\wamp64\\www\\advanced\\yii'
    'DOCUMENT_ROOT' => ''
    'REQUEST_TIME_FLOAT' => 1464723230.4874
    'REQUEST_TIME' => 1464723230
    'argv' => [
        0 => 'D:\\wamp64\\www\\advanced\\yii'
        1 => 'migrate/uo'
    ]
    'argc' => 2
]
2016-06-03 17:15:03 [-][-][-][error][yii\console\Exception] yii\console\Exception: فاقد آرگومان‌های مورد نیاز: name in D:\wamp64\www\advanced\vendor\yiisoft\yii2\console\Controller.php:146
Stack trace:
#0 D:\wamp64\www\advanced\vendor\yiisoft\yii2\base\InlineAction.php(49): yii\console\Controller->bindActionParams(Object(yii\base\InlineAction), Array)
#1 D:\wamp64\www\advanced\vendor\yiisoft\yii2\base\Controller.php(154): yii\base\InlineAction->runWithParams(Array)
#2 D:\wamp64\www\advanced\vendor\yiisoft\yii2\console\Controller.php(108): yii\base\Controller->runAction('create', Array)
#3 D:\wamp64\www\advanced\vendor\yiisoft\yii2\base\Module.php(454): yii\console\Controller->runAction('create', Array)
#4 D:\wamp64\www\advanced\vendor\yiisoft\yii2\console\Application.php(167): yii\base\Module->runAction('migrate/create', Array)
#5 D:\wamp64\www\advanced\vendor\yiisoft\yii2\console\Application.php(143): yii\console\Application->runAction('migrate/create', Array)
#6 D:\wamp64\www\advanced\vendor\yiisoft\yii2\base\Application.php(375): yii\console\Application->handleRequest(Object(yii\console\Request))
#7 D:\wamp64\www\advanced\yii(27): yii\base\Application->run()
#8 {main}
2016-06-03 17:15:03 [-][-][-][info][application] $_SERVER = [
    'ALLUSERSPROFILE' => 'C:\\ProgramData'
    'AMDAPPSDKROOT' => 'C:\\Program Files (x86)\\AMD APP\\'
    'APPDATA' => 'C:\\Users\\ehsan\\AppData\\Roaming'
    'CommonProgramFiles' => 'C:\\Program Files\\Common Files'
    'CommonProgramFiles(x86)' => 'C:\\Program Files (x86)\\Common Files'
    'CommonProgramW6432' => 'C:\\Program Files\\Common Files'
    'COMPUTERNAME' => 'DESKTOP-GV845QR'
    'ComSpec' => 'C:\\Windows\\system32\\cmd.exe'
    'FPS_BROWSER_APP_PROFILE_STRING' => 'Internet Explorer'
    'FPS_BROWSER_USER_PROFILE_STRING' => 'Default'
    'HOMEDRIVE' => 'C:'
    'HOMEPATH' => '\\Users\\ehsan'
    'LOCALAPPDATA' => 'C:\\Users\\ehsan\\AppData\\Local'
    'LOGONSERVER' => '\\\\DESKTOP-GV845QR'
    'NUMBER_OF_PROCESSORS' => '2'
    'OS' => 'Windows_NT'
    'Path' => 'C:\\Program Files (x86)\\NVIDIA Corporation\\PhysX\\Common;C:\\Program Files (x86)\\AMD APP\\bin\\x86_64;C:\\Program Files (x86)\\AMD APP\\bin\\x86;C:\\Windows\\system32;C:\\Windows;C:\\Windows\\System32\\Wbem;C:\\Windows\\System32\\WindowsPowerShell\\v1.0\\;C:\\Program Files (x86)\\ATI Technologies\\ATI.ACE\\Core-Static;D:\\wamp64\\bin\\php\\php7.0.0\\'
    'PATHEXT' => '.COM;.EXE;.BAT;.CMD;.VBS;.VBE;.JS;.JSE;.WSF;.WSH;.MSC'
    'PHP_COMMAND' => 'php.exe'
    'PROCESSOR_ARCHITECTURE' => 'AMD64'
    'PROCESSOR_IDENTIFIER' => 'AMD64 Family 16 Model 6 Stepping 3, AuthenticAMD'
    'PROCESSOR_LEVEL' => '16'
    'PROCESSOR_REVISION' => '0603'
    'ProgramData' => 'C:\\ProgramData'
    'ProgramFiles' => 'C:\\Program Files'
    'ProgramFiles(x86)' => 'C:\\Program Files (x86)'
    'ProgramW6432' => 'C:\\Program Files'
    'PROMPT' => '$P$G'
    'PSModulePath' => 'C:\\Windows\\system32\\WindowsPowerShell\\v1.0\\Modules\\'
    'PUBLIC' => 'C:\\Users\\Public'
    'SESSIONNAME' => 'Console'
    'SystemDrive' => 'C:'
    'SystemRoot' => 'C:\\Windows'
    'TEMP' => 'C:\\Users\\ehsan\\AppData\\Local\\Temp'
    'TMP' => 'C:\\Users\\ehsan\\AppData\\Local\\Temp'
    'USERDOMAIN' => 'DESKTOP-GV845QR'
    'USERDOMAIN_ROAMINGPROFILE' => 'DESKTOP-GV845QR'
    'USERNAME' => 'ehsan'
    'USERPROFILE' => 'C:\\Users\\ehsan'
    'windir' => 'C:\\Windows'
    'YII_PATH' => 'D:\\wamp64\\www\\advanced\\'
    'PHP_SELF' => 'D:\\wamp64\\www\\advanced\\yii'
    'SCRIPT_NAME' => 'D:\\wamp64\\www\\advanced\\yii'
    'SCRIPT_FILENAME' => 'D:\\wamp64\\www\\advanced\\yii'
    'PATH_TRANSLATED' => 'D:\\wamp64\\www\\advanced\\yii'
    'DOCUMENT_ROOT' => ''
    'REQUEST_TIME_FLOAT' => 1464957903.0813
    'REQUEST_TIME' => 1464957903
    'argv' => [
        0 => 'D:\\wamp64\\www\\advanced\\yii'
        1 => 'migrate/create'
    ]
    'argc' => 2
]
2016-06-03 17:28:42 [-][-][-][error][yii\db\Exception] PDOException: SQLSTATE[42S02]: Base table or view not found: 1051 Unknown table 'raspina.rs_visit' in D:\wamp64\www\advanced\vendor\yiisoft\yii2\db\Command.php:784
Stack trace:
#0 D:\wamp64\www\advanced\vendor\yiisoft\yii2\db\Command.php(784): PDOStatement->execute()
#1 D:\wamp64\www\advanced\vendor\yiisoft\yii2\db\Migration.php(285): yii\db\Command->execute()
#2 D:\wamp64\www\advanced\console\migrations\m160603_124624_visit.php(31): yii\db\Migration->dropTable('{{%visit}}')
#3 D:\wamp64\www\advanced\vendor\yiisoft\yii2\console\controllers\BaseMigrateController.php(590): m160603_124624_visit->down()
#4 D:\wamp64\www\advanced\vendor\yiisoft\yii2\console\controllers\BaseMigrateController.php(212): yii\console\controllers\BaseMigrateController->migrateDown('m160603_124624_...')
#5 [internal function]: yii\console\controllers\BaseMigrateController->actionDown(1)
#6 D:\wamp64\www\advanced\vendor\yiisoft\yii2\base\InlineAction.php(55): call_user_func_array(Array, Array)
#7 D:\wamp64\www\advanced\vendor\yiisoft\yii2\base\Controller.php(154): yii\base\InlineAction->runWithParams(Array)
#8 D:\wamp64\www\advanced\vendor\yiisoft\yii2\console\Controller.php(108): yii\base\Controller->runAction('down', Array)
#9 D:\wamp64\www\advanced\vendor\yiisoft\yii2\base\Module.php(454): yii\console\Controller->runAction('down', Array)
#10 D:\wamp64\www\advanced\vendor\yiisoft\yii2\console\Application.php(167): yii\base\Module->runAction('migrate/down', Array)
#11 D:\wamp64\www\advanced\vendor\yiisoft\yii2\console\Application.php(143): yii\console\Application->runAction('migrate/down', Array)
#12 D:\wamp64\www\advanced\vendor\yiisoft\yii2\base\Application.php(375): yii\console\Application->handleRequest(Object(yii\console\Request))
#13 D:\wamp64\www\advanced\yii(27): yii\base\Application->run()
#14 {main}

Next yii\db\Exception: SQLSTATE[42S02]: Base table or view not found: 1051 Unknown table 'raspina.rs_visit'
The SQL being executed was: DROP TABLE `rs_visit` in D:\wamp64\www\advanced\vendor\yiisoft\yii2\db\Schema.php:628
Stack trace:
#0 D:\wamp64\www\advanced\vendor\yiisoft\yii2\db\Command.php(794): yii\db\Schema->convertException(Object(PDOException), 'DROP TABLE `rs_...')
#1 D:\wamp64\www\advanced\vendor\yiisoft\yii2\db\Migration.php(285): yii\db\Command->execute()
#2 D:\wamp64\www\advanced\console\migrations\m160603_124624_visit.php(31): yii\db\Migration->dropTable('{{%visit}}')
#3 D:\wamp64\www\advanced\vendor\yiisoft\yii2\console\controllers\BaseMigrateController.php(590): m160603_124624_visit->down()
#4 D:\wamp64\www\advanced\vendor\yiisoft\yii2\console\controllers\BaseMigrateController.php(212): yii\console\controllers\BaseMigrateController->migrateDown('m160603_124624_...')
#5 [internal function]: yii\console\controllers\BaseMigrateController->actionDown(1)
#6 D:\wamp64\www\advanced\vendor\yiisoft\yii2\base\InlineAction.php(55): call_user_func_array(Array, Array)
#7 D:\wamp64\www\advanced\vendor\yiisoft\yii2\base\Controller.php(154): yii\base\InlineAction->runWithParams(Array)
#8 D:\wamp64\www\advanced\vendor\yiisoft\yii2\console\Controller.php(108): yii\base\Controller->runAction('down', Array)
#9 D:\wamp64\www\advanced\vendor\yiisoft\yii2\base\Module.php(454): yii\console\Controller->runAction('down', Array)
#10 D:\wamp64\www\advanced\vendor\yiisoft\yii2\console\Application.php(167): yii\base\Module->runAction('migrate/down', Array)
#11 D:\wamp64\www\advanced\vendor\yiisoft\yii2\console\Application.php(143): yii\console\Application->runAction('migrate/down', Array)
#12 D:\wamp64\www\advanced\vendor\yiisoft\yii2\base\Application.php(375): yii\console\Application->handleRequest(Object(yii\console\Request))
#13 D:\wamp64\www\advanced\yii(27): yii\base\Application->run()
#14 {main}
Additional Information:
Array
(
    [0] => 42S02
    [1] => 1051
    [2] => Unknown table 'raspina.rs_visit'
)

2016-06-03 17:28:40 [-][-][-][info][application] $_SERVER = [
    'ALLUSERSPROFILE' => 'C:\\ProgramData'
    'AMDAPPSDKROOT' => 'C:\\Program Files (x86)\\AMD APP\\'
    'APPDATA' => 'C:\\Users\\ehsan\\AppData\\Roaming'
    'CommonProgramFiles' => 'C:\\Program Files\\Common Files'
    'CommonProgramFiles(x86)' => 'C:\\Program Files (x86)\\Common Files'
    'CommonProgramW6432' => 'C:\\Program Files\\Common Files'
    'COMPUTERNAME' => 'DESKTOP-GV845QR'
    'ComSpec' => 'C:\\Windows\\system32\\cmd.exe'
    'FPS_BROWSER_APP_PROFILE_STRING' => 'Internet Explorer'
    'FPS_BROWSER_USER_PROFILE_STRING' => 'Default'
    'HOMEDRIVE' => 'C:'
    'HOMEPATH' => '\\Users\\ehsan'
    'LOCALAPPDATA' => 'C:\\Users\\ehsan\\AppData\\Local'
    'LOGONSERVER' => '\\\\DESKTOP-GV845QR'
    'NUMBER_OF_PROCESSORS' => '2'
    'OS' => 'Windows_NT'
    'Path' => 'C:\\Program Files (x86)\\NVIDIA Corporation\\PhysX\\Common;C:\\Program Files (x86)\\AMD APP\\bin\\x86_64;C:\\Program Files (x86)\\AMD APP\\bin\\x86;C:\\Windows\\system32;C:\\Windows;C:\\Windows\\System32\\Wbem;C:\\Windows\\System32\\WindowsPowerShell\\v1.0\\;C:\\Program Files (x86)\\ATI Technologies\\ATI.ACE\\Core-Static;D:\\wamp64\\bin\\php\\php7.0.0\\'
    'PATHEXT' => '.COM;.EXE;.BAT;.CMD;.VBS;.VBE;.JS;.JSE;.WSF;.WSH;.MSC'
    'PHP_COMMAND' => 'php.exe'
    'PROCESSOR_ARCHITECTURE' => 'AMD64'
    'PROCESSOR_IDENTIFIER' => 'AMD64 Family 16 Model 6 Stepping 3, AuthenticAMD'
    'PROCESSOR_LEVEL' => '16'
    'PROCESSOR_REVISION' => '0603'
    'ProgramData' => 'C:\\ProgramData'
    'ProgramFiles' => 'C:\\Program Files'
    'ProgramFiles(x86)' => 'C:\\Program Files (x86)'
    'ProgramW6432' => 'C:\\Program Files'
    'PROMPT' => '$P$G'
    'PSModulePath' => 'C:\\Windows\\system32\\WindowsPowerShell\\v1.0\\Modules\\'
    'PUBLIC' => 'C:\\Users\\Public'
    'SESSIONNAME' => 'Console'
    'SystemDrive' => 'C:'
    'SystemRoot' => 'C:\\Windows'
    'TEMP' => 'C:\\Users\\ehsan\\AppData\\Local\\Temp'
    'TMP' => 'C:\\Users\\ehsan\\AppData\\Local\\Temp'
    'USERDOMAIN' => 'DESKTOP-GV845QR'
    'USERDOMAIN_ROAMINGPROFILE' => 'DESKTOP-GV845QR'
    'USERNAME' => 'ehsan'
    'USERPROFILE' => 'C:\\Users\\ehsan'
    'windir' => 'C:\\Windows'
    'YII_PATH' => 'D:\\wamp64\\www\\advanced\\'
    'PHP_SELF' => 'D:\\wamp64\\www\\advanced\\yii'
    'SCRIPT_NAME' => 'D:\\wamp64\\www\\advanced\\yii'
    'SCRIPT_FILENAME' => 'D:\\wamp64\\www\\advanced\\yii'
    'PATH_TRANSLATED' => 'D:\\wamp64\\www\\advanced\\yii'
    'DOCUMENT_ROOT' => ''
    'REQUEST_TIME_FLOAT' => 1464958720.245
    'REQUEST_TIME' => 1464958720
    'argv' => [
        0 => 'D:\\wamp64\\www\\advanced\\yii'
        1 => 'migrate/down'
    ]
    'argc' => 2
]
2016-06-04 00:34:53 [-][-][-][error][yii\db\Exception] PDOException: SQLSTATE[42S02]: Base table or view not found: 1051 Unknown table 'raspina.rs_visitors' in D:\wamp64\www\advanced\vendor\yiisoft\yii2\db\Command.php:784
Stack trace:
#0 D:\wamp64\www\advanced\vendor\yiisoft\yii2\db\Command.php(784): PDOStatement->execute()
#1 D:\wamp64\www\advanced\vendor\yiisoft\yii2\db\Migration.php(285): yii\db\Command->execute()
#2 D:\wamp64\www\advanced\console\migrations\m160603_124624_visit.php(39): yii\db\Migration->dropTable('{{%visitors}}')
#3 D:\wamp64\www\advanced\vendor\yiisoft\yii2\console\controllers\BaseMigrateController.php(590): m160603_124624_visit->down()
#4 D:\wamp64\www\advanced\vendor\yiisoft\yii2\console\controllers\BaseMigrateController.php(212): yii\console\controllers\BaseMigrateController->migrateDown('m160603_124624_...')
#5 [internal function]: yii\console\controllers\BaseMigrateController->actionDown(1)
#6 D:\wamp64\www\advanced\vendor\yiisoft\yii2\base\InlineAction.php(55): call_user_func_array(Array, Array)
#7 D:\wamp64\www\advanced\vendor\yiisoft\yii2\base\Controller.php(154): yii\base\InlineAction->runWithParams(Array)
#8 D:\wamp64\www\advanced\vendor\yiisoft\yii2\console\Controller.php(108): yii\base\Controller->runAction('down', Array)
#9 D:\wamp64\www\advanced\vendor\yiisoft\yii2\base\Module.php(454): yii\console\Controller->runAction('down', Array)
#10 D:\wamp64\www\advanced\vendor\yiisoft\yii2\console\Application.php(167): yii\base\Module->runAction('migrate/down', Array)
#11 D:\wamp64\www\advanced\vendor\yiisoft\yii2\console\Application.php(143): yii\console\Application->runAction('migrate/down', Array)
#12 D:\wamp64\www\advanced\vendor\yiisoft\yii2\base\Application.php(375): yii\console\Application->handleRequest(Object(yii\console\Request))
#13 D:\wamp64\www\advanced\yii(27): yii\base\Application->run()
#14 {main}

Next yii\db\Exception: SQLSTATE[42S02]: Base table or view not found: 1051 Unknown table 'raspina.rs_visitors'
The SQL being executed was: DROP TABLE `rs_visitors` in D:\wamp64\www\advanced\vendor\yiisoft\yii2\db\Schema.php:628
Stack trace:
#0 D:\wamp64\www\advanced\vendor\yiisoft\yii2\db\Command.php(794): yii\db\Schema->convertException(Object(PDOException), 'DROP TABLE `rs_...')
#1 D:\wamp64\www\advanced\vendor\yiisoft\yii2\db\Migration.php(285): yii\db\Command->execute()
#2 D:\wamp64\www\advanced\console\migrations\m160603_124624_visit.php(39): yii\db\Migration->dropTable('{{%visitors}}')
#3 D:\wamp64\www\advanced\vendor\yiisoft\yii2\console\controllers\BaseMigrateController.php(590): m160603_124624_visit->down()
#4 D:\wamp64\www\advanced\vendor\yiisoft\yii2\console\controllers\BaseMigrateController.php(212): yii\console\controllers\BaseMigrateController->migrateDown('m160603_124624_...')
#5 [internal function]: yii\console\controllers\BaseMigrateController->actionDown(1)
#6 D:\wamp64\www\advanced\vendor\yiisoft\yii2\base\InlineAction.php(55): call_user_func_array(Array, Array)
#7 D:\wamp64\www\advanced\vendor\yiisoft\yii2\base\Controller.php(154): yii\base\InlineAction->runWithParams(Array)
#8 D:\wamp64\www\advanced\vendor\yiisoft\yii2\console\Controller.php(108): yii\base\Controller->runAction('down', Array)
#9 D:\wamp64\www\advanced\vendor\yiisoft\yii2\base\Module.php(454): yii\console\Controller->runAction('down', Array)
#10 D:\wamp64\www\advanced\vendor\yiisoft\yii2\console\Application.php(167): yii\base\Module->runAction('migrate/down', Array)
#11 D:\wamp64\www\advanced\vendor\yiisoft\yii2\console\Application.php(143): yii\console\Application->runAction('migrate/down', Array)
#12 D:\wamp64\www\advanced\vendor\yiisoft\yii2\base\Application.php(375): yii\console\Application->handleRequest(Object(yii\console\Request))
#13 D:\wamp64\www\advanced\yii(27): yii\base\Application->run()
#14 {main}
Additional Information:
Array
(
    [0] => 42S02
    [1] => 1051
    [2] => Unknown table 'raspina.rs_visitors'
)

2016-06-04 00:34:51 [-][-][-][info][application] $_SERVER = [
    'ALLUSERSPROFILE' => 'C:\\ProgramData'
    'AMDAPPSDKROOT' => 'C:\\Program Files (x86)\\AMD APP\\'
    'APPDATA' => 'C:\\Users\\ehsan\\AppData\\Roaming'
    'CommonProgramFiles' => 'C:\\Program Files\\Common Files'
    'CommonProgramFiles(x86)' => 'C:\\Program Files (x86)\\Common Files'
    'CommonProgramW6432' => 'C:\\Program Files\\Common Files'
    'COMPUTERNAME' => 'DESKTOP-GV845QR'
    'ComSpec' => 'C:\\Windows\\system32\\cmd.exe'
    'HOMEDRIVE' => 'C:'
    'HOMEPATH' => '\\Users\\ehsan'
    'LOCALAPPDATA' => 'C:\\Users\\ehsan\\AppData\\Local'
    'LOGONSERVER' => '\\\\DESKTOP-GV845QR'
    'NUMBER_OF_PROCESSORS' => '2'
    'OS' => 'Windows_NT'
    'Path' => 'C:\\Program Files (x86)\\NVIDIA Corporation\\PhysX\\Common;C:\\Program Files (x86)\\AMD APP\\bin\\x86_64;C:\\Program Files (x86)\\AMD APP\\bin\\x86;C:\\Windows\\system32;C:\\Windows;C:\\Windows\\System32\\Wbem;C:\\Windows\\System32\\WindowsPowerShell\\v1.0\\;C:\\Program Files (x86)\\ATI Technologies\\ATI.ACE\\Core-Static;D:\\wamp64\\bin\\php\\php7.0.0\\'
    'PATHEXT' => '.COM;.EXE;.BAT;.CMD;.VBS;.VBE;.JS;.JSE;.WSF;.WSH;.MSC'
    'PHP_COMMAND' => 'php.exe'
    'PROCESSOR_ARCHITECTURE' => 'AMD64'
    'PROCESSOR_IDENTIFIER' => 'AMD64 Family 16 Model 6 Stepping 3, AuthenticAMD'
    'PROCESSOR_LEVEL' => '16'
    'PROCESSOR_REVISION' => '0603'
    'ProgramData' => 'C:\\ProgramData'
    'ProgramFiles' => 'C:\\Program Files'
    'ProgramFiles(x86)' => 'C:\\Program Files (x86)'
    'ProgramW6432' => 'C:\\Program Files'
    'PROMPT' => '$P$G'
    'PSModulePath' => 'C:\\Windows\\system32\\WindowsPowerShell\\v1.0\\Modules\\'
    'PUBLIC' => 'C:\\Users\\Public'
    'SESSIONNAME' => 'Console'
    'SystemDrive' => 'C:'
    'SystemRoot' => 'C:\\Windows'
    'TEMP' => 'C:\\Users\\ehsan\\AppData\\Local\\Temp'
    'TMP' => 'C:\\Users\\ehsan\\AppData\\Local\\Temp'
    'USERDOMAIN' => 'DESKTOP-GV845QR'
    'USERDOMAIN_ROAMINGPROFILE' => 'DESKTOP-GV845QR'
    'USERNAME' => 'ehsan'
    'USERPROFILE' => 'C:\\Users\\ehsan'
    'windir' => 'C:\\Windows'
    'YII_PATH' => 'D:\\wamp64\\www\\advanced\\'
    'PHP_SELF' => 'D:\\wamp64\\www\\advanced\\yii'
    'SCRIPT_NAME' => 'D:\\wamp64\\www\\advanced\\yii'
    'SCRIPT_FILENAME' => 'D:\\wamp64\\www\\advanced\\yii'
    'PATH_TRANSLATED' => 'D:\\wamp64\\www\\advanced\\yii'
    'DOCUMENT_ROOT' => ''
    'REQUEST_TIME_FLOAT' => 1464984291.2844
    'REQUEST_TIME' => 1464984291
    'argv' => [
        0 => 'D:\\wamp64\\www\\advanced\\yii'
        1 => 'migrate/down'
    ]
    'argc' => 2
]
2016-06-08 20:54:09 [-][-][-][error][yii\console\Exception] yii\base\InvalidRouteException: Unable to resolve the request: migrate/init in D:\wamp64\www\advanced\vendor\yiisoft\yii2\base\Controller.php:125
Stack trace:
#0 D:\wamp64\www\advanced\vendor\yiisoft\yii2\console\Controller.php(108): yii\base\Controller->runAction('init', Array)
#1 D:\wamp64\www\advanced\vendor\yiisoft\yii2\base\Module.php(454): yii\console\Controller->runAction('init', Array)
#2 D:\wamp64\www\advanced\vendor\yiisoft\yii2\console\Application.php(167): yii\base\Module->runAction('migrate/init', Array)
#3 D:\wamp64\www\advanced\vendor\yiisoft\yii2\console\Application.php(143): yii\console\Application->runAction('migrate/init', Array)
#4 D:\wamp64\www\advanced\vendor\yiisoft\yii2\base\Application.php(375): yii\console\Application->handleRequest(Object(yii\console\Request))
#5 D:\wamp64\www\advanced\yii(27): yii\base\Application->run()
#6 {main}

Next yii\console\Exception: Unknown command "migrate/init". in D:\wamp64\www\advanced\vendor\yiisoft\yii2\console\Application.php:169
Stack trace:
#0 D:\wamp64\www\advanced\vendor\yiisoft\yii2\console\Application.php(143): yii\console\Application->runAction('migrate/init', Array)
#1 D:\wamp64\www\advanced\vendor\yiisoft\yii2\base\Application.php(375): yii\console\Application->handleRequest(Object(yii\console\Request))
#2 D:\wamp64\www\advanced\yii(27): yii\base\Application->run()
#3 {main}
2016-06-08 20:54:09 [-][-][-][info][application] $_SERVER = [
    'ALLUSERSPROFILE' => 'C:\\ProgramData'
    'AMDAPPSDKROOT' => 'C:\\Program Files (x86)\\AMD APP\\'
    'APPDATA' => 'C:\\Users\\ehsan\\AppData\\Roaming'
    'CommonProgramFiles' => 'C:\\Program Files\\Common Files'
    'CommonProgramFiles(x86)' => 'C:\\Program Files (x86)\\Common Files'
    'CommonProgramW6432' => 'C:\\Program Files\\Common Files'
    'COMPUTERNAME' => 'DESKTOP-GV845QR'
    'ComSpec' => 'C:\\Windows\\system32\\cmd.exe'
    'FPS_BROWSER_APP_PROFILE_STRING' => 'Internet Explorer'
    'FPS_BROWSER_USER_PROFILE_STRING' => 'Default'
    'HOMEDRIVE' => 'C:'
    'HOMEPATH' => '\\Users\\ehsan'
    'LOCALAPPDATA' => 'C:\\Users\\ehsan\\AppData\\Local'
    'LOGONSERVER' => '\\\\DESKTOP-GV845QR'
    'NUMBER_OF_PROCESSORS' => '2'
    'OS' => 'Windows_NT'
    'Path' => 'C:\\Program Files (x86)\\NVIDIA Corporation\\PhysX\\Common;C:\\Program Files (x86)\\AMD APP\\bin\\x86_64;C:\\Program Files (x86)\\AMD APP\\bin\\x86;C:\\Windows\\system32;C:\\Windows;C:\\Windows\\System32\\Wbem;C:\\Windows\\System32\\WindowsPowerShell\\v1.0\\;C:\\Program Files (x86)\\ATI Technologies\\ATI.ACE\\Core-Static;D:\\wamp64\\bin\\php\\php7.0.0\\'
    'PATHEXT' => '.COM;.EXE;.BAT;.CMD;.VBS;.VBE;.JS;.JSE;.WSF;.WSH;.MSC'
    'PHP_COMMAND' => 'php.exe'
    'PROCESSOR_ARCHITECTURE' => 'AMD64'
    'PROCESSOR_IDENTIFIER' => 'AMD64 Family 16 Model 6 Stepping 3, AuthenticAMD'
    'PROCESSOR_LEVEL' => '16'
    'PROCESSOR_REVISION' => '0603'
    'ProgramData' => 'C:\\ProgramData'
    'ProgramFiles' => 'C:\\Program Files'
    'ProgramFiles(x86)' => 'C:\\Program Files (x86)'
    'ProgramW6432' => 'C:\\Program Files'
    'PROMPT' => '$P$G'
    'PSModulePath' => 'C:\\Windows\\system32\\WindowsPowerShell\\v1.0\\Modules\\'
    'PUBLIC' => 'C:\\Users\\Public'
    'SESSIONNAME' => 'Console'
    'SystemDrive' => 'C:'
    'SystemRoot' => 'C:\\Windows'
    'TEMP' => 'C:\\Users\\ehsan\\AppData\\Local\\Temp'
    'TMP' => 'C:\\Users\\ehsan\\AppData\\Local\\Temp'
    'USERDOMAIN' => 'DESKTOP-GV845QR'
    'USERDOMAIN_ROAMINGPROFILE' => 'DESKTOP-GV845QR'
    'USERNAME' => 'ehsan'
    'USERPROFILE' => 'C:\\Users\\ehsan'
    'windir' => 'C:\\Windows'
    'YII_PATH' => 'D:\\wamp64\\www\\advanced\\'
    'PHP_SELF' => 'D:\\wamp64\\www\\advanced\\yii'
    'SCRIPT_NAME' => 'D:\\wamp64\\www\\advanced\\yii'
    'SCRIPT_FILENAME' => 'D:\\wamp64\\www\\advanced\\yii'
    'PATH_TRANSLATED' => 'D:\\wamp64\\www\\advanced\\yii'
    'DOCUMENT_ROOT' => ''
    'REQUEST_TIME_FLOAT' => 1465403049.5463
    'REQUEST_TIME' => 1465403049
    'argv' => [
        0 => 'D:\\wamp64\\www\\advanced\\yii'
        1 => 'migrate/init'
    ]
    'argc' => 2
]
2016-06-10 19:25:03 [-][-][-][error][yii\console\Exception] yii\base\InvalidRouteException: Unable to resolve the request "init". in D:\wamp64\www\advanced\vendor\yiisoft\yii2\base\Module.php:460
Stack trace:
#0 D:\wamp64\www\advanced\vendor\yiisoft\yii2\console\Application.php(167): yii\base\Module->runAction('init', Array)
#1 D:\wamp64\www\advanced\vendor\yiisoft\yii2\console\Application.php(143): yii\console\Application->runAction('init', Array)
#2 D:\wamp64\www\advanced\vendor\yiisoft\yii2\base\Application.php(375): yii\console\Application->handleRequest(Object(yii\console\Request))
#3 D:\wamp64\www\advanced\yii(27): yii\base\Application->run()
#4 {main}

Next yii\console\Exception: Unknown command "init". in D:\wamp64\www\advanced\vendor\yiisoft\yii2\console\Application.php:169
Stack trace:
#0 D:\wamp64\www\advanced\vendor\yiisoft\yii2\console\Application.php(143): yii\console\Application->runAction('init', Array)
#1 D:\wamp64\www\advanced\vendor\yiisoft\yii2\base\Application.php(375): yii\console\Application->handleRequest(Object(yii\console\Request))
#2 D:\wamp64\www\advanced\yii(27): yii\base\Application->run()
#3 {main}
2016-06-10 19:25:03 [-][-][-][info][application] $_SERVER = [
    'ALLUSERSPROFILE' => 'C:\\ProgramData'
    'AMDAPPSDKROOT' => 'C:\\Program Files (x86)\\AMD APP\\'
    'APPDATA' => 'C:\\Users\\ehsan\\AppData\\Roaming'
    'CommonProgramFiles' => 'C:\\Program Files\\Common Files'
    'CommonProgramFiles(x86)' => 'C:\\Program Files (x86)\\Common Files'
    'CommonProgramW6432' => 'C:\\Program Files\\Common Files'
    'COMPUTERNAME' => 'DESKTOP-GV845QR'
    'ComSpec' => 'C:\\Windows\\system32\\cmd.exe'
    'FPS_BROWSER_APP_PROFILE_STRING' => 'Internet Explorer'
    'FPS_BROWSER_USER_PROFILE_STRING' => 'Default'
    'HOMEDRIVE' => 'C:'
    'HOMEPATH' => '\\Users\\ehsan'
    'LOCALAPPDATA' => 'C:\\Users\\ehsan\\AppData\\Local'
    'LOGONSERVER' => '\\\\DESKTOP-GV845QR'
    'NUMBER_OF_PROCESSORS' => '2'
    'OS' => 'Windows_NT'
    'Path' => 'C:\\Program Files (x86)\\NVIDIA Corporation\\PhysX\\Common;C:\\Program Files (x86)\\AMD APP\\bin\\x86_64;C:\\Program Files (x86)\\AMD APP\\bin\\x86;C:\\Windows\\system32;C:\\Windows;C:\\Windows\\System32\\Wbem;C:\\Windows\\System32\\WindowsPowerShell\\v1.0\\;C:\\Program Files (x86)\\ATI Technologies\\ATI.ACE\\Core-Static;D:\\wamp64\\bin\\php\\php7.0.0\\'
    'PATHEXT' => '.COM;.EXE;.BAT;.CMD;.VBS;.VBE;.JS;.JSE;.WSF;.WSH;.MSC'
    'PHP_COMMAND' => 'php.exe'
    'PROCESSOR_ARCHITECTURE' => 'AMD64'
    'PROCESSOR_IDENTIFIER' => 'AMD64 Family 16 Model 6 Stepping 3, AuthenticAMD'
    'PROCESSOR_LEVEL' => '16'
    'PROCESSOR_REVISION' => '0603'
    'ProgramData' => 'C:\\ProgramData'
    'ProgramFiles' => 'C:\\Program Files'
    'ProgramFiles(x86)' => 'C:\\Program Files (x86)'
    'ProgramW6432' => 'C:\\Program Files'
    'PROMPT' => '$P$G'
    'PSModulePath' => 'C:\\Windows\\system32\\WindowsPowerShell\\v1.0\\Modules\\'
    'PUBLIC' => 'C:\\Users\\Public'
    'SESSIONNAME' => 'Console'
    'SystemDrive' => 'C:'
    'SystemRoot' => 'C:\\Windows'
    'TEMP' => 'C:\\Users\\ehsan\\AppData\\Local\\Temp'
    'TMP' => 'C:\\Users\\ehsan\\AppData\\Local\\Temp'
    'USERDOMAIN' => 'DESKTOP-GV845QR'
    'USERDOMAIN_ROAMINGPROFILE' => 'DESKTOP-GV845QR'
    'USERNAME' => 'ehsan'
    'USERPROFILE' => 'C:\\Users\\ehsan'
    'windir' => 'C:\\Windows'
    'YII_PATH' => 'D:\\wamp64\\www\\advanced\\'
    'PHP_SELF' => 'D:\\wamp64\\www\\advanced\\yii'
    'SCRIPT_NAME' => 'D:\\wamp64\\www\\advanced\\yii'
    'SCRIPT_FILENAME' => 'D:\\wamp64\\www\\advanced\\yii'
    'PATH_TRANSLATED' => 'D:\\wamp64\\www\\advanced\\yii'
    'DOCUMENT_ROOT' => ''
    'REQUEST_TIME_FLOAT' => 1465570503.6316
    'REQUEST_TIME' => 1465570503
    'argv' => [
        0 => 'D:\\wamp64\\www\\advanced\\yii'
        1 => 'init'
    ]
    'argc' => 2
]
2016-06-10 19:25:09 [-][-][-][error][yii\console\Exception] yii\base\InvalidRouteException: Unable to resolve the request "/init". in D:\wamp64\www\advanced\vendor\yiisoft\yii2\base\Module.php:460
Stack trace:
#0 D:\wamp64\www\advanced\vendor\yiisoft\yii2\console\Application.php(167): yii\base\Module->runAction('/init', Array)
#1 D:\wamp64\www\advanced\vendor\yiisoft\yii2\console\Application.php(143): yii\console\Application->runAction('/init', Array)
#2 D:\wamp64\www\advanced\vendor\yiisoft\yii2\base\Application.php(375): yii\console\Application->handleRequest(Object(yii\console\Request))
#3 D:\wamp64\www\advanced\yii(27): yii\base\Application->run()
#4 {main}

Next yii\console\Exception: Unknown command "/init". in D:\wamp64\www\advanced\vendor\yiisoft\yii2\console\Application.php:169
Stack trace:
#0 D:\wamp64\www\advanced\vendor\yiisoft\yii2\console\Application.php(143): yii\console\Application->runAction('/init', Array)
#1 D:\wamp64\www\advanced\vendor\yiisoft\yii2\base\Application.php(375): yii\console\Application->handleRequest(Object(yii\console\Request))
#2 D:\wamp64\www\advanced\yii(27): yii\base\Application->run()
#3 {main}
2016-06-10 19:25:09 [-][-][-][info][application] $_SERVER = [
    'ALLUSERSPROFILE' => 'C:\\ProgramData'
    'AMDAPPSDKROOT' => 'C:\\Program Files (x86)\\AMD APP\\'
    'APPDATA' => 'C:\\Users\\ehsan\\AppData\\Roaming'
    'CommonProgramFiles' => 'C:\\Program Files\\Common Files'
    'CommonProgramFiles(x86)' => 'C:\\Program Files (x86)\\Common Files'
    'CommonProgramW6432' => 'C:\\Program Files\\Common Files'
    'COMPUTERNAME' => 'DESKTOP-GV845QR'
    'ComSpec' => 'C:\\Windows\\system32\\cmd.exe'
    'FPS_BROWSER_APP_PROFILE_STRING' => 'Internet Explorer'
    'FPS_BROWSER_USER_PROFILE_STRING' => 'Default'
    'HOMEDRIVE' => 'C:'
    'HOMEPATH' => '\\Users\\ehsan'
    'LOCALAPPDATA' => 'C:\\Users\\ehsan\\AppData\\Local'
    'LOGONSERVER' => '\\\\DESKTOP-GV845QR'
    'NUMBER_OF_PROCESSORS' => '2'
    'OS' => 'Windows_NT'
    'Path' => 'C:\\Program Files (x86)\\NVIDIA Corporation\\PhysX\\Common;C:\\Program Files (x86)\\AMD APP\\bin\\x86_64;C:\\Program Files (x86)\\AMD APP\\bin\\x86;C:\\Windows\\system32;C:\\Windows;C:\\Windows\\System32\\Wbem;C:\\Windows\\System32\\WindowsPowerShell\\v1.0\\;C:\\Program Files (x86)\\ATI Technologies\\ATI.ACE\\Core-Static;D:\\wamp64\\bin\\php\\php7.0.0\\'
    'PATHEXT' => '.COM;.EXE;.BAT;.CMD;.VBS;.VBE;.JS;.JSE;.WSF;.WSH;.MSC'
    'PHP_COMMAND' => 'php.exe'
    'PROCESSOR_ARCHITECTURE' => 'AMD64'
    'PROCESSOR_IDENTIFIER' => 'AMD64 Family 16 Model 6 Stepping 3, AuthenticAMD'
    'PROCESSOR_LEVEL' => '16'
    'PROCESSOR_REVISION' => '0603'
    'ProgramData' => 'C:\\ProgramData'
    'ProgramFiles' => 'C:\\Program Files'
    'ProgramFiles(x86)' => 'C:\\Program Files (x86)'
    'ProgramW6432' => 'C:\\Program Files'
    'PROMPT' => '$P$G'
    'PSModulePath' => 'C:\\Windows\\system32\\WindowsPowerShell\\v1.0\\Modules\\'
    'PUBLIC' => 'C:\\Users\\Public'
    'SESSIONNAME' => 'Console'
    'SystemDrive' => 'C:'
    'SystemRoot' => 'C:\\Windows'
    'TEMP' => 'C:\\Users\\ehsan\\AppData\\Local\\Temp'
    'TMP' => 'C:\\Users\\ehsan\\AppData\\Local\\Temp'
    'USERDOMAIN' => 'DESKTOP-GV845QR'
    'USERDOMAIN_ROAMINGPROFILE' => 'DESKTOP-GV845QR'
    'USERNAME' => 'ehsan'
    'USERPROFILE' => 'C:\\Users\\ehsan'
    'windir' => 'C:\\Windows'
    'YII_PATH' => 'D:\\wamp64\\www\\advanced\\'
    'PHP_SELF' => 'D:\\wamp64\\www\\advanced\\yii'
    'SCRIPT_NAME' => 'D:\\wamp64\\www\\advanced\\yii'
    'SCRIPT_FILENAME' => 'D:\\wamp64\\www\\advanced\\yii'
    'PATH_TRANSLATED' => 'D:\\wamp64\\www\\advanced\\yii'
    'DOCUMENT_ROOT' => ''
    'REQUEST_TIME_FLOAT' => 1465570509.7207
    'REQUEST_TIME' => 1465570509
    'argv' => [
        0 => 'D:\\wamp64\\www\\advanced\\yii'
        1 => '/init'
    ]
    'argc' => 2
]
2016-09-01 18:31:52 [-][-][-][error][yii\db\Exception] PDOException: SQLSTATE[42S01]: Base table or view already exists: 1050 Table 'rs_status' already exists in E:\wamp64\www\raspina\vendor\yiisoft\yii2\db\Command.php:784
Stack trace:
#0 E:\wamp64\www\raspina\vendor\yiisoft\yii2\db\Command.php(784): PDOStatement->execute()
#1 E:\wamp64\www\raspina\vendor\yiisoft\yii2\db\Migration.php(260): yii\db\Command->execute()
#2 E:\wamp64\www\raspina\console\migrations\m160603_124624_visit.php(21): yii\db\Migration->createTable('{{%status}}', Array, 'CHARACTER SET u...')
#3 E:\wamp64\www\raspina\vendor\yiisoft\yii2\console\controllers\BaseMigrateController.php(562): m160603_124624_visit->up()
#4 E:\wamp64\www\raspina\vendor\yiisoft\yii2\console\controllers\BaseMigrateController.php(151): yii\console\controllers\BaseMigrateController->migrateUp('m160603_124624_...')
#5 [internal function]: yii\console\controllers\BaseMigrateController->actionUp(0)
#6 E:\wamp64\www\raspina\vendor\yiisoft\yii2\base\InlineAction.php(55): call_user_func_array(Array, Array)
#7 E:\wamp64\www\raspina\vendor\yiisoft\yii2\base\Controller.php(154): yii\base\InlineAction->runWithParams(Array)
#8 E:\wamp64\www\raspina\vendor\yiisoft\yii2\console\Controller.php(108): yii\base\Controller->runAction('', Array)
#9 E:\wamp64\www\raspina\vendor\yiisoft\yii2\base\Module.php(454): yii\console\Controller->runAction('', Array)
#10 E:\wamp64\www\raspina\vendor\yiisoft\yii2\console\Application.php(167): yii\base\Module->runAction('migrate', Array)
#11 E:\wamp64\www\raspina\vendor\yiisoft\yii2\console\Application.php(143): yii\console\Application->runAction('migrate', Array)
#12 E:\wamp64\www\raspina\vendor\yiisoft\yii2\base\Application.php(375): yii\console\Application->handleRequest(Object(yii\console\Request))
#13 E:\wamp64\www\raspina\yii(27): yii\base\Application->run()
#14 {main}

Next yii\db\Exception: SQLSTATE[42S01]: Base table or view already exists: 1050 Table 'rs_status' already exists
The SQL being executed was: CREATE TABLE `rs_status` (
	`id` int(11) NOT NULL AUTO_INCREMENT PRIMARY KEY,
	`today_visitors` int(11) DEFAULT 0,
	`yesterday_visitors` int(11) DEFAULT 0,
	`this_month_visitors` int(11) DEFAULT 0,
	`last_month_visitors` int(11) DEFAULT 0,
	`total_visitors` int(11) DEFAULT 0,
	`current_time` int(11) DEFAULT 0
) CHARACTER SET utf8 COLLATE utf8_general_ci ENGINE=InnoDB in E:\wamp64\www\raspina\vendor\yiisoft\yii2\db\Schema.php:628
Stack trace:
#0 E:\wamp64\www\raspina\vendor\yiisoft\yii2\db\Command.php(794): yii\db\Schema->convertException(Object(PDOException), 'CREATE TABLE `r...')
#1 E:\wamp64\www\raspina\vendor\yiisoft\yii2\db\Migration.php(260): yii\db\Command->execute()
#2 E:\wamp64\www\raspina\console\migrations\m160603_124624_visit.php(21): yii\db\Migration->createTable('{{%status}}', Array, 'CHARACTER SET u...')
#3 E:\wamp64\www\raspina\vendor\yiisoft\yii2\console\controllers\BaseMigrateController.php(562): m160603_124624_visit->up()
#4 E:\wamp64\www\raspina\vendor\yiisoft\yii2\console\controllers\BaseMigrateController.php(151): yii\console\controllers\BaseMigrateController->migrateUp('m160603_124624_...')
#5 [internal function]: yii\console\controllers\BaseMigrateController->actionUp(0)
#6 E:\wamp64\www\raspina\vendor\yiisoft\yii2\base\InlineAction.php(55): call_user_func_array(Array, Array)
#7 E:\wamp64\www\raspina\vendor\yiisoft\yii2\base\Controller.php(154): yii\base\InlineAction->runWithParams(Array)
#8 E:\wamp64\www\raspina\vendor\yiisoft\yii2\console\Controller.php(108): yii\base\Controller->runAction('', Array)
#9 E:\wamp64\www\raspina\vendor\yiisoft\yii2\base\Module.php(454): yii\console\Controller->runAction('', Array)
#10 E:\wamp64\www\raspina\vendor\yiisoft\yii2\console\Application.php(167): yii\base\Module->runAction('migrate', Array)
#11 E:\wamp64\www\raspina\vendor\yiisoft\yii2\console\Application.php(143): yii\console\Application->runAction('migrate', Array)
#12 E:\wamp64\www\raspina\vendor\yiisoft\yii2\base\Application.php(375): yii\console\Application->handleRequest(Object(yii\console\Request))
#13 E:\wamp64\www\raspina\yii(27): yii\base\Application->run()
#14 {main}
Additional Information:
Array
(
    [0] => 42S01
    [1] => 1050
    [2] => Table 'rs_status' already exists
)

2016-09-01 18:31:50 [-][-][-][info][application] $_SERVER = [
    'ALLUSERSPROFILE' => 'C:\\ProgramData'
    'AMDAPPSDKROOT' => 'C:\\Program Files (x86)\\AMD APP\\'
    'APPDATA' => 'C:\\Users\\ehsan\\AppData\\Roaming'
    'CommonProgramFiles' => 'C:\\Program Files\\Common Files'
    'CommonProgramFiles(x86)' => 'C:\\Program Files (x86)\\Common Files'
    'CommonProgramW6432' => 'C:\\Program Files\\Common Files'
    'COMPUTERNAME' => 'DESKTOP-VEC9DQR'
    'ComSpec' => 'C:\\Windows\\system32\\cmd.exe'
    'FPS_BROWSER_APP_PROFILE_STRING' => 'Internet Explorer'
    'FPS_BROWSER_USER_PROFILE_STRING' => 'Default'
    'HOMEDRIVE' => 'C:'
    'HOMEPATH' => '\\Users\\ehsan'
    'LOCALAPPDATA' => 'C:\\Users\\ehsan\\AppData\\Local'
    'LOGONSERVER' => '\\\\DESKTOP-VEC9DQR'
    'NUMBER_OF_PROCESSORS' => '2'
    'OS' => 'Windows_NT'
    'Path' => 'C:\\ProgramData\\Oracle\\Java\\javapath;C:\\Program Files (x86)\\NVIDIA Corporation\\PhysX\\Common;C:\\Program Files (x86)\\AMD APP\\bin\\x86_64;C:\\Program Files (x86)\\AMD APP\\bin\\x86;C:\\Windows\\system32;C:\\Windows;C:\\Windows\\System32\\Wbem;C:\\Windows\\System32\\WindowsPowerShell\\v1.0\\;C:\\Program Files (x86)\\ATI Technologies\\ATI.ACE\\Core-Static;E:\\wamp64\\bin\\php\\php7.0.0'
    'PATHEXT' => '.COM;.EXE;.BAT;.CMD;.VBS;.VBE;.JS;.JSE;.WSF;.WSH;.MSC'
    'PHP_COMMAND' => 'php.exe'
    'PROCESSOR_ARCHITECTURE' => 'AMD64'
    'PROCESSOR_IDENTIFIER' => 'AMD64 Family 16 Model 6 Stepping 3, AuthenticAMD'
    'PROCESSOR_LEVEL' => '16'
    'PROCESSOR_REVISION' => '0603'
    'ProgramData' => 'C:\\ProgramData'
    'ProgramFiles' => 'C:\\Program Files'
    'ProgramFiles(x86)' => 'C:\\Program Files (x86)'
    'ProgramW6432' => 'C:\\Program Files'
    'PROMPT' => '$P$G'
    'PSModulePath' => 'C:\\Windows\\system32\\WindowsPowerShell\\v1.0\\Modules\\'
    'PUBLIC' => 'C:\\Users\\Public'
    'SESSIONNAME' => 'Console'
    'SystemDrive' => 'C:'
    'SystemRoot' => 'C:\\Windows'
    'TEMP' => 'C:\\Users\\ehsan\\AppData\\Local\\Temp'
    'TMP' => 'C:\\Users\\ehsan\\AppData\\Local\\Temp'
    'USERDOMAIN' => 'DESKTOP-VEC9DQR'
    'USERDOMAIN_ROAMINGPROFILE' => 'DESKTOP-VEC9DQR'
    'USERNAME' => 'ehsan'
    'USERPROFILE' => 'C:\\Users\\ehsan'
    'windir' => 'C:\\Windows'
    'YII_PATH' => 'E:\\wamp64\\www\\raspina\\'
    'PHP_SELF' => 'E:\\wamp64\\www\\raspina\\yii'
    'SCRIPT_NAME' => 'E:\\wamp64\\www\\raspina\\yii'
    'SCRIPT_FILENAME' => 'E:\\wamp64\\www\\raspina\\yii'
    'PATH_TRANSLATED' => 'E:\\wamp64\\www\\raspina\\yii'
    'DOCUMENT_ROOT' => ''
    'REQUEST_TIME_FLOAT' => 1472738510.3245
    'REQUEST_TIME' => 1472738510
    'argv' => [
        0 => 'E:\\wamp64\\www\\raspina\\yii'
        1 => 'migrate'
    ]
    'argc' => 2
]
2016-09-01 18:38:26 [-][-][-][error][yii\console\Exception] yii\base\InvalidRouteException: Unable to resolve the request "migrate\down". in E:\wamp64\www\raspina\vendor\yiisoft\yii2\base\Module.php:460
Stack trace:
#0 E:\wamp64\www\raspina\vendor\yiisoft\yii2\console\Application.php(167): yii\base\Module->runAction('migrate\\down', Array)
#1 E:\wamp64\www\raspina\vendor\yiisoft\yii2\console\Application.php(143): yii\console\Application->runAction('migrate\\down', Array)
#2 E:\wamp64\www\raspina\vendor\yiisoft\yii2\base\Application.php(375): yii\console\Application->handleRequest(Object(yii\console\Request))
#3 E:\wamp64\www\raspina\yii(27): yii\base\Application->run()
#4 {main}

Next yii\console\Exception: Unknown command "migrate\down". in E:\wamp64\www\raspina\vendor\yiisoft\yii2\console\Application.php:169
Stack trace:
#0 E:\wamp64\www\raspina\vendor\yiisoft\yii2\console\Application.php(143): yii\console\Application->runAction('migrate\\down', Array)
#1 E:\wamp64\www\raspina\vendor\yiisoft\yii2\base\Application.php(375): yii\console\Application->handleRequest(Object(yii\console\Request))
#2 E:\wamp64\www\raspina\yii(27): yii\base\Application->run()
#3 {main}
2016-09-01 18:38:26 [-][-][-][info][application] $_SERVER = [
    'ALLUSERSPROFILE' => 'C:\\ProgramData'
    'AMDAPPSDKROOT' => 'C:\\Program Files (x86)\\AMD APP\\'
    'APPDATA' => 'C:\\Users\\ehsan\\AppData\\Roaming'
    'CommonProgramFiles' => 'C:\\Program Files\\Common Files'
    'CommonProgramFiles(x86)' => 'C:\\Program Files (x86)\\Common Files'
    'CommonProgramW6432' => 'C:\\Program Files\\Common Files'
    'COMPUTERNAME' => 'DESKTOP-VEC9DQR'
    'ComSpec' => 'C:\\Windows\\system32\\cmd.exe'
    'FPS_BROWSER_APP_PROFILE_STRING' => 'Internet Explorer'
    'FPS_BROWSER_USER_PROFILE_STRING' => 'Default'
    'HOMEDRIVE' => 'C:'
    'HOMEPATH' => '\\Users\\ehsan'
    'LOCALAPPDATA' => 'C:\\Users\\ehsan\\AppData\\Local'
    'LOGONSERVER' => '\\\\DESKTOP-VEC9DQR'
    'NUMBER_OF_PROCESSORS' => '2'
    'OS' => 'Windows_NT'
    'Path' => 'C:\\ProgramData\\Oracle\\Java\\javapath;C:\\Program Files (x86)\\NVIDIA Corporation\\PhysX\\Common;C:\\Program Files (x86)\\AMD APP\\bin\\x86_64;C:\\Program Files (x86)\\AMD APP\\bin\\x86;C:\\Windows\\system32;C:\\Windows;C:\\Windows\\System32\\Wbem;C:\\Windows\\System32\\WindowsPowerShell\\v1.0\\;C:\\Program Files (x86)\\ATI Technologies\\ATI.ACE\\Core-Static;E:\\wamp64\\bin\\php\\php7.0.0'
    'PATHEXT' => '.COM;.EXE;.BAT;.CMD;.VBS;.VBE;.JS;.JSE;.WSF;.WSH;.MSC'
    'PHP_COMMAND' => 'php.exe'
    'PROCESSOR_ARCHITECTURE' => 'AMD64'
    'PROCESSOR_IDENTIFIER' => 'AMD64 Family 16 Model 6 Stepping 3, AuthenticAMD'
    'PROCESSOR_LEVEL' => '16'
    'PROCESSOR_REVISION' => '0603'
    'ProgramData' => 'C:\\ProgramData'
    'ProgramFiles' => 'C:\\Program Files'
    'ProgramFiles(x86)' => 'C:\\Program Files (x86)'
    'ProgramW6432' => 'C:\\Program Files'
    'PROMPT' => '$P$G'
    'PSModulePath' => 'C:\\Windows\\system32\\WindowsPowerShell\\v1.0\\Modules\\'
    'PUBLIC' => 'C:\\Users\\Public'
    'SESSIONNAME' => 'Console'
    'SystemDrive' => 'C:'
    'SystemRoot' => 'C:\\Windows'
    'TEMP' => 'C:\\Users\\ehsan\\AppData\\Local\\Temp'
    'TMP' => 'C:\\Users\\ehsan\\AppData\\Local\\Temp'
    'USERDOMAIN' => 'DESKTOP-VEC9DQR'
    'USERDOMAIN_ROAMINGPROFILE' => 'DESKTOP-VEC9DQR'
    'USERNAME' => 'ehsan'
    'USERPROFILE' => 'C:\\Users\\ehsan'
    'windir' => 'C:\\Windows'
    'YII_PATH' => 'E:\\wamp64\\www\\raspina\\'
    'PHP_SELF' => 'E:\\wamp64\\www\\raspina\\yii'
    'SCRIPT_NAME' => 'E:\\wamp64\\www\\raspina\\yii'
    'SCRIPT_FILENAME' => 'E:\\wamp64\\www\\raspina\\yii'
    'PATH_TRANSLATED' => 'E:\\wamp64\\www\\raspina\\yii'
    'DOCUMENT_ROOT' => ''
    'REQUEST_TIME_FLOAT' => 1472738906.2186
    'REQUEST_TIME' => 1472738906
    'argv' => [
        0 => 'E:\\wamp64\\www\\raspina\\yii'
        1 => 'migrate\\down'
    ]
    'argc' => 2
]
2016-09-09 19:03:04 [-][-][-][error][yii\db\Exception] PDOException: SQLSTATE[42S01]: Base table or view already exists: 1050 Table 'rs_post' already exists in E:\wamp64\www\raspina\vendor\yiisoft\yii2\db\Command.php:784
Stack trace:
#0 E:\wamp64\www\raspina\vendor\yiisoft\yii2\db\Command.php(784): PDOStatement->execute()
#1 E:\wamp64\www\raspina\vendor\yiisoft\yii2\db\Migration.php(260): yii\db\Command->execute()
#2 E:\wamp64\www\raspina\console\migrations\m160415_045156_post.php(29): yii\db\Migration->createTable('{{%post}}', Array, 'CHARACTER SET u...')
#3 E:\wamp64\www\raspina\vendor\yiisoft\yii2\console\controllers\BaseMigrateController.php(562): m160415_045156_post->up()
#4 E:\wamp64\www\raspina\vendor\yiisoft\yii2\console\controllers\BaseMigrateController.php(151): yii\console\controllers\BaseMigrateController->migrateUp('m160415_045156_...')
#5 [internal function]: yii\console\controllers\BaseMigrateController->actionUp(0)
#6 E:\wamp64\www\raspina\vendor\yiisoft\yii2\base\InlineAction.php(55): call_user_func_array(Array, Array)
#7 E:\wamp64\www\raspina\vendor\yiisoft\yii2\base\Controller.php(154): yii\base\InlineAction->runWithParams(Array)
#8 E:\wamp64\www\raspina\vendor\yiisoft\yii2\console\Controller.php(108): yii\base\Controller->runAction('', Array)
#9 E:\wamp64\www\raspina\vendor\yiisoft\yii2\base\Module.php(454): yii\console\Controller->runAction('', Array)
#10 E:\wamp64\www\raspina\vendor\yiisoft\yii2\console\Application.php(167): yii\base\Module->runAction('migrate', Array)
#11 E:\wamp64\www\raspina\vendor\yiisoft\yii2\console\Application.php(143): yii\console\Application->runAction('migrate', Array)
#12 E:\wamp64\www\raspina\vendor\yiisoft\yii2\base\Application.php(375): yii\console\Application->handleRequest(Object(yii\console\Request))
#13 E:\wamp64\www\raspina\yii(27): yii\base\Application->run()
#14 {main}

Next yii\db\Exception: SQLSTATE[42S01]: Base table or view already exists: 1050 Table 'rs_post' already exists
The SQL being executed was: CREATE TABLE `rs_post` (
	`id` int(11) NOT NULL AUTO_INCREMENT PRIMARY KEY,
	`title` varchar(255) NOT NULL,
	`short_text` text NOT NULL,
	`more_text` text,
	`tags` text,
	`keywords` text,
	`meta_description` varchar(255),
	`status` int(1) DEFAULT 1,
	`create_time` int(10) NOT NULL,
	`update_time` int(10),
	`author_id` int(11) NOT NULL,
	`pin_post` int(1) DEFAULT 0,
	`comment_active` int(1) DEFAULT 1,
	`view` int(11) DEFAULT 0
) CHARACTER SET utf8 COLLATE utf8_general_ci ENGINE=InnoDB in E:\wamp64\www\raspina\vendor\yiisoft\yii2\db\Schema.php:628
Stack trace:
#0 E:\wamp64\www\raspina\vendor\yiisoft\yii2\db\Command.php(794): yii\db\Schema->convertException(Object(PDOException), 'CREATE TABLE `r...')
#1 E:\wamp64\www\raspina\vendor\yiisoft\yii2\db\Migration.php(260): yii\db\Command->execute()
#2 E:\wamp64\www\raspina\console\migrations\m160415_045156_post.php(29): yii\db\Migration->createTable('{{%post}}', Array, 'CHARACTER SET u...')
#3 E:\wamp64\www\raspina\vendor\yiisoft\yii2\console\controllers\BaseMigrateController.php(562): m160415_045156_post->up()
#4 E:\wamp64\www\raspina\vendor\yiisoft\yii2\console\controllers\BaseMigrateController.php(151): yii\console\controllers\BaseMigrateController->migrateUp('m160415_045156_...')
#5 [internal function]: yii\console\controllers\BaseMigrateController->actionUp(0)
#6 E:\wamp64\www\raspina\vendor\yiisoft\yii2\base\InlineAction.php(55): call_user_func_array(Array, Array)
#7 E:\wamp64\www\raspina\vendor\yiisoft\yii2\base\Controller.php(154): yii\base\InlineAction->runWithParams(Array)
#8 E:\wamp64\www\raspina\vendor\yiisoft\yii2\console\Controller.php(108): yii\base\Controller->runAction('', Array)
#9 E:\wamp64\www\raspina\vendor\yiisoft\yii2\base\Module.php(454): yii\console\Controller->runAction('', Array)
#10 E:\wamp64\www\raspina\vendor\yiisoft\yii2\console\Application.php(167): yii\base\Module->runAction('migrate', Array)
#11 E:\wamp64\www\raspina\vendor\yiisoft\yii2\console\Application.php(143): yii\console\Application->runAction('migrate', Array)
#12 E:\wamp64\www\raspina\vendor\yiisoft\yii2\base\Application.php(375): yii\console\Application->handleRequest(Object(yii\console\Request))
#13 E:\wamp64\www\raspina\yii(27): yii\base\Application->run()
#14 {main}
Additional Information:
Array
(
    [0] => 42S01
    [1] => 1050
    [2] => Table 'rs_post' already exists
)

2016-09-09 19:03:02 [-][-][-][info][application] $_SERVER = [
    'ALLUSERSPROFILE' => 'C:\\ProgramData'
    'AMDAPPSDKROOT' => 'C:\\Program Files (x86)\\AMD APP\\'
    'APPDATA' => 'C:\\Users\\ehsan\\AppData\\Roaming'
    'CommonProgramFiles' => 'C:\\Program Files\\Common Files'
    'CommonProgramFiles(x86)' => 'C:\\Program Files (x86)\\Common Files'
    'CommonProgramW6432' => 'C:\\Program Files\\Common Files'
    'COMPUTERNAME' => 'DESKTOP-VEC9DQR'
    'ComSpec' => 'C:\\WINDOWS\\system32\\cmd.exe'
    'FPS_BROWSER_APP_PROFILE_STRING' => 'Internet Explorer'
    'FPS_BROWSER_USER_PROFILE_STRING' => 'Default'
    'HOMEDRIVE' => 'C:'
    'HOMEPATH' => '\\Users\\ehsan'
    'LOCALAPPDATA' => 'C:\\Users\\ehsan\\AppData\\Local'
    'LOGONSERVER' => '\\\\DESKTOP-VEC9DQR'
    'NUMBER_OF_PROCESSORS' => '2'
    'OS' => 'Windows_NT'
    'Path' => 'C:\\ProgramData\\Oracle\\Java\\javapath;C:\\Program Files (x86)\\NVIDIA Corporation\\PhysX\\Common;C:\\Program Files (x86)\\AMD APP\\bin\\x86_64;C:\\Program Files (x86)\\AMD APP\\bin\\x86;C:\\WINDOWS\\system32;C:\\WINDOWS;C:\\WINDOWS\\System32\\Wbem;C:\\WINDOWS\\System32\\WindowsPowerShell\\v1.0\\;C:\\Program Files (x86)\\ATI Technologies\\ATI.ACE\\Core-Static;E:\\wamp64\\bin\\php\\php7.0.0;C:\\Users\\ehsan\\AppData\\Local\\Microsoft\\WindowsApps;'
    'PATHEXT' => '.COM;.EXE;.BAT;.CMD;.VBS;.VBE;.JS;.JSE;.WSF;.WSH;.MSC'
    'PHP_COMMAND' => 'php.exe'
    'PROCESSOR_ARCHITECTURE' => 'AMD64'
    'PROCESSOR_IDENTIFIER' => 'AMD64 Family 16 Model 6 Stepping 3, AuthenticAMD'
    'PROCESSOR_LEVEL' => '16'
    'PROCESSOR_REVISION' => '0603'
    'ProgramData' => 'C:\\ProgramData'
    'ProgramFiles' => 'C:\\Program Files'
    'ProgramFiles(x86)' => 'C:\\Program Files (x86)'
    'ProgramW6432' => 'C:\\Program Files'
    'PROMPT' => '$P$G'
    'PSModulePath' => 'C:\\WINDOWS\\system32\\WindowsPowerShell\\v1.0\\Modules\\'
    'PUBLIC' => 'C:\\Users\\Public'
    'SESSIONNAME' => 'Console'
    'SystemDrive' => 'C:'
    'SystemRoot' => 'C:\\WINDOWS'
    'TEMP' => 'C:\\Users\\ehsan\\AppData\\Local\\Temp'
    'TMP' => 'C:\\Users\\ehsan\\AppData\\Local\\Temp'
    'USERDOMAIN' => 'DESKTOP-VEC9DQR'
    'USERDOMAIN_ROAMINGPROFILE' => 'DESKTOP-VEC9DQR'
    'USERNAME' => 'ehsan'
    'USERPROFILE' => 'C:\\Users\\ehsan'
    'windir' => 'C:\\WINDOWS'
    'YII_PATH' => 'E:\\wamp64\\www\\raspina\\'
    'PHP_SELF' => 'E:\\wamp64\\www\\raspina\\yii'
    'SCRIPT_NAME' => 'E:\\wamp64\\www\\raspina\\yii'
    'SCRIPT_FILENAME' => 'E:\\wamp64\\www\\raspina\\yii'
    'PATH_TRANSLATED' => 'E:\\wamp64\\www\\raspina\\yii'
    'DOCUMENT_ROOT' => ''
    'REQUEST_TIME_FLOAT' => 1473431582.0688
    'REQUEST_TIME' => 1473431582
    'argv' => [
        0 => 'E:\\wamp64\\www\\raspina\\yii'
        1 => 'migrate'
    ]
    'argc' => 2
]
